<?xml version="1.0" encoding="UTF-8"?>
<testsuite xmlns:xsi="http://www.w3.org/2001/XMLSchema-instance" xsi:schemaLocation="https://maven.apache.org/surefire/maven-surefire-plugin/xsd/surefire-test-report.xsd" name="com.macys.marketing.loyalty.LtyIntegrationTest.runner.TestRunnerTest" time="84.642" tests="43" errors="0" skipped="0" failures="2">
  <properties>
[...]
</properties>
  <testcase name="Given I Enroll Customer with IRN" classname="Scenario: Enroll Customer with IRN" time="0.001"/>
  <testcase name="Given I Enroll Customer with IRN" classname="Scenario: Enroll Customer with IRN" time="0"/>
  <testcase name="Given I Enroll Customer with IRN" classname="Scenario: Enroll Customer with IRN" time="0"/>
  <testcase name="Given I Enroll Customer with IRN" classname="Scenario: Enroll Customer with IRN" time="0"/>
  <testcase name="And I try to enroll Customer with enrolled phone number" classname="Scenario: Enroll Customer with IRN" time="0"/>
  <testcase name="And I try to enroll Customer invalid name" classname="Scenario: Enroll Customer with IRN" time="0"/>
  <testcase name="Scenario: Enroll Customer with IRN" classname="Scenario: Enroll Customer with IRN" time="0"/>
  <testcase name="Scenario: Enroll Customer with IRN" classname="Scenario: Enroll Customer with IRN" time="0"/>
  <testcase name="Scenario: Enroll Customer with IRN" classname="Scenario: Enroll Customer with IRN" time="0.008">
    <failure message="&#10;The following assertion failed:&#10;1) [The Fault code is: ] &#10;Expecting:&#10; &lt;&quot;&lt;?xml version=&quot;1.0&quot; encoding=&quot;UTF-8&quot;?&gt;&#10;&lt;SOAP-ENV:Envelope xmlns:SOAP-ENV=&quot;http://schemas.xmlsoap.org/soap/envelope/&quot;&gt;&lt;SOAP-ENV:Body&gt;&lt;SOAP-ENV:Fault&gt;&lt;faultcode&gt;SOAP-ENV:Server&lt;/faultcode&gt;&lt;faultstring&gt;This is an operation implementation generated fault&lt;/faultstring&gt;&lt;faultactor/&gt;&lt;detail&gt;&lt;ns:CusFault xmlns:ns0=&quot;http://schemas.xmlsoap.org/soap/envelope/&quot; xmlns:ns=&quot;http://loyalty.macys.com/schemas/loyalty.customer/CusResponse/v11_0&quot; xmlns:xsi=&quot;http://www.w3.org/2001/XMLSchema-instance&quot; xmlns:xs=&quot;http://www.w3.org/2001/XMLSchema&quot;&gt;&lt;ns1:ErrorCode xmlns:ns1=&quot;http://loyalty.macys.com/schemas/loyalty.customer/MacysCommon/v11_0&quot;&gt;1006&lt;/ns1:ErrorCode&gt;&lt;ns1:ErrorMsg xmlns:ns1=&quot;http://loyalty.macys.com/schemas/loyalty.customer/MacysCommon/v11_0&quot;&gt;System Unavailable&lt;/ns1:ErrorMsg&gt;&lt;/ns:CusFault&gt;&lt;/detail&gt;&lt;/SOAP-ENV:Fault&gt;&lt;/SOAP-ENV:Body&gt;&lt;/SOAP-ENV:Envelope&gt;&quot;&gt;&#10;to contain:&#10; &lt;&quot;INVALID LOYALTY ID&quot;&gt; &#10;" type="org.assertj.core.api.SoftAssertionError"><![CDATA[org.assertj.core.api.SoftAssertionError: 

The following assertion failed:
1) [The Fault code is: ] 
Expecting:
 <"<?xml version="1.0" encoding="UTF-8"?>
<SOAP-ENV:Envelope xmlns:SOAP-ENV="http://schemas.xmlsoap.org/soap/envelope/"><SOAP-ENV:Body><SOAP-ENV:Fault><faultcode>SOAP-ENV:Server</faultcode><faultstring>This is an operation implementation generated fault</faultstring><faultactor/><detail><ns:CusFault xmlns:ns0="http://schemas.xmlsoap.org/soap/envelope/" xmlns:ns="http://loyalty.macys.com/schemas/loyalty.customer/CusResponse/v11_0" xmlns:xsi="http://www.w3.org/2001/XMLSchema-instance" xmlns:xs="http://www.w3.org/2001/XMLSchema"><ns1:ErrorCode xmlns:ns1="http://loyalty.macys.com/schemas/loyalty.customer/MacysCommon/v11_0">1006</ns1:ErrorCode><ns1:ErrorMsg xmlns:ns1="http://loyalty.macys.com/schemas/loyalty.customer/MacysCommon/v11_0">System Unavailable</ns1:ErrorMsg></ns:CusFault></detail></SOAP-ENV:Fault></SOAP-ENV:Body></SOAP-ENV:Envelope>">
to contain:
 <"INVALID LOYALTY ID"> 

]]></failure>
  </testcase>
  <testcase name="Scenario: Enroll Customer with IRN" classname="Scenario: Enroll Customer with IRN" time="0"/>
  <testcase name="And I try to enroll Customer with enrolled account number" classname="Scenario: Enroll Customer with IRN" time="0"/>
  <testcase name="And I try to enroll Customer invalid zipcode" classname="Scenario: Enroll Customer with IRN" time="0"/>
  <testcase name="Given I Enroll Customer with PROP" classname="Scenario: Enroll Customer with PROP" time="0"/>
  <testcase name="Given I Enroll Customer with PROP" classname="Scenario: Enroll Customer with PROP" time="0"/>
  <testcase name="Given I Enroll Customer with PROP" classname="Scenario: Enroll Customer with PROP" time="0"/>
  <testcase name="And I try to enroll Customer with enrolled phone number" classname="Scenario: Enroll Customer with PROP" time="0"/>
  <testcase name="And I try to enroll Customer invalid name" classname="Scenario: Enroll Customer with PROP" time="0"/>
  <testcase name="Scenario: Enroll Customer with PROP" classname="Scenario: Enroll Customer with PROP" time="0"/>
  <testcase name="Scenario: Enroll Customer with PROP" classname="Scenario: Enroll Customer with PROP" time="0"/>
  <testcase name="Scenario: Enroll Customer with PROP" classname="Scenario: Enroll Customer with PROP" time="0"/>
  <testcase name="And I try to enroll Customer with enrolled account number" classname="Scenario: Enroll Customer with PROP" time="0"/>
  <testcase name="And I try to enroll Customer invalid zipcode" classname="Scenario: Enroll Customer with PROP" time="0"/>
  <testcase name="Then I do CusInfoMaint" classname="Scenario: Enroll Customer with IRN" time="0"/>
  <testcase name="Then I do CusInfoMaint" classname="Scenario: Enroll Customer with IRN" time="0"/>
  <testcase name="And I do CusAcctMaint" classname="Scenario: Enroll Customer with IRN" time="0"/>
  <testcase name="And I do CusAcctMaint" classname="Scenario: Enroll Customer with IRN" time="0"/>
  <testcase name="And I do CusNotesMaint" classname="Scenario: Enroll Customer with IRN" time="0"/>
  <testcase name="And I do CusNotesMaint" classname="Scenario: Enroll Customer with IRN" time="0"/>
  <testcase name="And I CusLookUp by Phone" classname="Scenario: Enroll Customer with IRN" time="0"/>
  <testcase name="And I CusLookUp by Phone" classname="Scenario: Enroll Customer with IRN" time="0"/>
  <testcase name="And I CusLookUp by ZipCode" classname="Scenario: Enroll Customer with IRN" time="0"/>
  <testcase name="And I CusLookUp by ZipCode" classname="Scenario: Enroll Customer with IRN" time="0"/>
  <testcase name="And I CusLookUp by Name" classname="Scenario: Enroll Customer with IRN" time="0"/>
  <testcase name="And I CusLookUp by Name" classname="Scenario: Enroll Customer with IRN" time="0"/>
  <testcase name="And I CusLookUp by Account Number" classname="Scenario: Enroll Customer with IRN" time="0.008">
    <failure message="&#10;The following assertion failed:&#10;1) [The Fault code is: ] &#10;Expecting:&#10; &lt;&quot;&lt;?xml version=&quot;1.0&quot; encoding=&quot;UTF-8&quot;?&gt;&#10;&lt;SOAP-ENV:Envelope xmlns:SOAP-ENV=&quot;http://schemas.xmlsoap.org/soap/envelope/&quot;&gt;&lt;SOAP-ENV:Body&gt;&lt;SOAP-ENV:Fault&gt;&lt;faultcode&gt;SOAP-ENV:Server&lt;/faultcode&gt;&lt;faultstring&gt;This is an operation implementation generated fault&lt;/faultstring&gt;&lt;faultactor/&gt;&lt;detail&gt;&lt;ns:CusFault xmlns:ns0=&quot;http://schemas.xmlsoap.org/soap/envelope/&quot; xmlns:ns=&quot;http://loyalty.macys.com/schemas/loyalty.customer/CusResponse/v11_0&quot; xmlns:xsi=&quot;http://www.w3.org/2001/XMLSchema-instance&quot; xmlns:xs=&quot;http://www.w3.org/2001/XMLSchema&quot;&gt;&lt;ns1:ErrorCode xmlns:ns1=&quot;http://loyalty.macys.com/schemas/loyalty.customer/MacysCommon/v11_0&quot;&gt;1006&lt;/ns1:ErrorCode&gt;&lt;ns1:ErrorMsg xmlns:ns1=&quot;http://loyalty.macys.com/schemas/loyalty.customer/MacysCommon/v11_0&quot;&gt;System Unavailable&lt;/ns1:ErrorMsg&gt;&lt;/ns:CusFault&gt;&lt;/detail&gt;&lt;/SOAP-ENV:Fault&gt;&lt;/SOAP-ENV:Body&gt;&lt;/SOAP-ENV:Envelope&gt;&quot;&gt;&#10;to contain:&#10; &lt;&quot;INVALID LOYALTY ID&quot;&gt; &#10;" type="org.assertj.core.api.SoftAssertionError"><![CDATA[org.assertj.core.api.SoftAssertionError: 

The following assertion failed:
1) [The Fault code is: ] 
Expecting:
 <"<?xml version="1.0" encoding="UTF-8"?>
<SOAP-ENV:Envelope xmlns:SOAP-ENV="http://schemas.xmlsoap.org/soap/envelope/"><SOAP-ENV:Body><SOAP-ENV:Fault><faultcode>SOAP-ENV:Server</faultcode><faultstring>This is an operation implementation generated fault</faultstring><faultactor/><detail><ns:CusFault xmlns:ns0="http://schemas.xmlsoap.org/soap/envelope/" xmlns:ns="http://loyalty.macys.com/schemas/loyalty.customer/CusResponse/v11_0" xmlns:xsi="http://www.w3.org/2001/XMLSchema-instance" xmlns:xs="http://www.w3.org/2001/XMLSchema"><ns1:ErrorCode xmlns:ns1="http://loyalty.macys.com/schemas/loyalty.customer/MacysCommon/v11_0">1006</ns1:ErrorCode><ns1:ErrorMsg xmlns:ns1="http://loyalty.macys.com/schemas/loyalty.customer/MacysCommon/v11_0">System Unavailable</ns1:ErrorMsg></ns:CusFault></detail></SOAP-ENV:Fault></SOAP-ENV:Body></SOAP-ENV:Envelope>">
to contain:
 <"INVALID LOYALTY ID"> 

]]></failure>
    <system-out><![CDATA[TR=2018-01-21 12:37:37,950|INFO|com.macys.marketing.loyalty.LtyIntegrationTest.steps.ltyLookUp.CustomerEnrollSteps|Start of method :: i_LookUp_Customer
TR=2018-01-21 12:37:37,952|INFO|com.macys.marketing.loyalty.LtyIntegrationTest.steps.ltyLookUp.CustomerEnrollSteps|account number L920002897614, wrong account number _920002897614
TR=2018-01-21 12:37:37,952|INFO|com.macys.marketing.loyalty.LtyIntegrationTest.wrapper.LtyCustomerWapperV11|Start of method :: lookupOfferInfo
TR=2018-01-21 12:37:37,965|INFO|com.macys.marketing.loyalty.LtyIntegrationTest.Client.impl.RestAssuredClientImpl|*********invokeService is starting*********
TR=2018-01-21 12:37:37,965|INFO|com.macys.marketing.loyalty.LtyIntegrationTest.Client.impl.RestAssuredClientImpl|Final uri:::::: 
TR=2018-01-21 12:37:37,965|INFO|com.macys.marketing.loyalty.LtyIntegrationTest.Client.impl.RestAssuredClientImpl|**********Request file name********** Request_cusLookup_Scenario.xml
TR=2018-01-21 12:37:37,965|INFO|com.macys.marketing.loyalty.LtyIntegrationTest.Client.impl.RestAssuredClientImpl|*********getRequestBody starting**************
TR=2018-01-21 12:37:37,966|INFO|com.macys.marketing.loyalty.LtyIntegrationTest.Client.impl.RestAssuredClientImpl|*********getRequestBody ending**************
TR=2018-01-21 12:37:37,966|INFO|com.macys.marketing.loyalty.LtyIntegrationTest.Client.impl.RestAssuredClientImpl|**********updateDynamicRequestBody starting**********
TR=2018-01-21 12:37:37,966|INFO|com.macys.marketing.loyalty.LtyIntegrationTest.Client.impl.RestAssuredClientImpl|*********getRequestBody starting**************
TR=2018-01-21 12:37:37,967|INFO|com.macys.marketing.loyalty.LtyIntegrationTest.Client.impl.RestAssuredClientImpl|*********getRequestBody ending**************
TR=2018-01-21 12:37:37,967|INFO|com.macys.marketing.loyalty.LtyIntegrationTest.Client.impl.RestAssuredClientImpl|**********Final Final API:::********** https://ltyservicestest:10684/Loyalty/Services/Customer/LTY_Customer_v11
TR=2018-01-21 12:37:37,969|INFO|com.macys.marketing.loyalty.LtyIntegrationTest.Client.impl.RestAssuredClientImpl|invokeActualRestMethod requestMethod:: POST
Request method:	POST
Request URI:	https://ltyservicestest:10684/Loyalty/Services/Customer/LTY_Customer_v11
Proxy:			<none>
Request params:	<none>
Query params:	<none>
Form params:	<none>
Path params:	<none>
Multiparts:		<none>
Headers:		SOAPAction=/CusLookupByAcctNbr
				accept=text/xml
				Content-Type=text/xml; charset=ISO-8859-1
Cookies:		<none>
Body:
<soapenv:Envelope xmlns:soapenv="http://schemas.xmlsoap.org/soap/envelope/" xmlns:ent="http://www.macys.com/enterprise_services" xmlns:v11="http://loyalty.macys.com/schemas/loyalty.customer/CusRequest/v11_0" xmlns:v111="http://loyalty.macys.com/schemas/loyalty.transaction/LtyCommon/v11_0" xmlns:v112="http://loyalty.macys.com/schemas/loyalty.customer/CusCommon/v11_0" xmlns:v113="http://loyalty.macys.com/schemas/loyalty.customer/MacysCommon/v11_0">
  <soapenv:Header>
    <ent:requestor_info>
      <version>12</version>
      <client_id>Stores</client_id>
      <subclient_id>SPOS</subclient_id>
    </ent:requestor_info>
  </soapenv:Header>
  <soapenv:Body>
    <v11:CusLookupByAccountNumberReq>
      <v112:CustomerIdentifier>
        <v112:AccountType>L</v112:AccountType>
        <v112:AccountNumber>_920002897614</v112:AccountNumber>
      </v112:CustomerIdentifier>
      <v113:Channel>SPOS</v113:Channel>
      <v113:Division>71</v113:Division>
      <v113:Store>1</v113:Store>
      <v113:AssociateId>12345</v113:AssociateId>
    </v11:CusLookupByAccountNumberReq>
  </soapenv:Body>
</soapenv:Envelope>
HTTP/1.1 500 Internal Server Error
X-Backside-Transport: FAIL FAIL
Connection: Keep-Alive
Transfer-Encoding: chunked
Server: Apache-Coyote/1.1
Content-Type: text/xml
Date: Sun, 21 Jan 2018 07:07:39 GMT
X-Client-IP: 11.16.10.113
X-Global-Transaction-ID: 1217383567

<SOAP-ENV:Envelope xmlns:SOAP-ENV="http://schemas.xmlsoap.org/soap/envelope/">
  <SOAP-ENV:Body>
    <SOAP-ENV:Fault>
      <faultcode>SOAP-ENV:Server</faultcode>
      <faultstring>This is an operation implementation generated fault</faultstring>
      <faultactor/>
      <detail>
        <ns:CusFault xmlns:ns0="http://schemas.xmlsoap.org/soap/envelope/" xmlns:ns="http://loyalty.macys.com/schemas/loyalty.customer/CusResponse/v11_0" xmlns:xsi="http://www.w3.org/2001/XMLSchema-instance" xmlns:xs="http://www.w3.org/2001/XMLSchema">
          <ns1:ErrorCode xmlns:ns1="http://loyalty.macys.com/schemas/loyalty.customer/MacysCommon/v11_0">1006</ns1:ErrorCode>
          <ns1:ErrorMsg xmlns:ns1="http://loyalty.macys.com/schemas/loyalty.customer/MacysCommon/v11_0">System Unavailable</ns1:ErrorMsg>
        </ns:CusFault>
      </detail>
    </SOAP-ENV:Fault>
  </SOAP-ENV:Body>
</SOAP-ENV:Envelope>
TR=2018-01-21 12:37:39,902|INFO|com.macys.marketing.loyalty.LtyIntegrationTest.Client.impl.RestAssuredClientImpl|*********invokeActualRestMethod is ending*********
TR=2018-01-21 12:37:39,902|INFO|com.macys.marketing.loyalty.LtyIntegrationTest.Client.impl.RestAssuredClientImpl|*********invokeService is ending*********
TR=2018-01-21 12:37:39,902|INFO|com.macys.marketing.loyalty.LtyIntegrationTest.wrapper.LtyCustomerWapperV11|End of method :: lookupOfferInfo
]]></system-out>
  </testcase>
  <testcase name="And I CusLookUp by Account Number" classname="Scenario: Enroll Customer with IRN" time="0"/>
  <testcase name="Then I do CusInfoMaint" classname="Scenario: Enroll Customer with PROP" time="0"/>
  <testcase name="And I CusLookUp by Phone" classname="Scenario: Enroll Customer with PROP" time="0"/>
  <testcase name="And I CusLookUp by Account Number" classname="Scenario: Enroll Customer with PROP" time="0"/>
  <testcase name="And I CusLookUp by ZipCode" classname="Scenario: Enroll Customer with PROP" time="0"/>
  <testcase name="And I CusLookUp by Name" classname="Scenario: Enroll Customer with PROP" time="0"/>
  <testcase name="And I do CusNotesMaint" classname="Scenario: Enroll Customer with PROP" time="0"/>
  <testcase name="And I do CusAcctMaint" classname="Scenario: Enroll Customer with PROP" time="0"/>
</testsuite>