<?xml version="1.0" encoding="UTF-8"?>
<testsuite xmlns:xsi="http://www.w3.org/2001/XMLSchema-instance" xsi:schemaLocation="https://maven.apache.org/surefire/maven-surefire-plugin/xsd/surefire-test-report.xsd" name="com.macys.marketing.loyalty.LtyIntegrationTest.runner.TestRunnerTest" time="84.141" tests="268" errors="0" skipped="115" failures="48">
  <properties>
[...]
</properties>
  <testcase name="Given I invoke getcontrolelements api" classname="Scenario: Verify control elements when brand=MACYS,division=71,controlGroup=EVENTTYPE selected" time="0.001"/>
  <testcase name="Then I Verify Control Elements API Response" classname="Scenario: Verify control elements when brand=MACYS,division=71,controlGroup=EVENTTYPE selected" time="0"/>
  <testcase name="Scenario: Verify control elements when brand=MACYS,division=71,controlGroup=EVENTTYPE selected" classname="Scenario: Verify control elements when brand=MACYS,division=71,controlGroup=EVENTTYPE selected" time="0"/>
  <testcase name="Given I invoke getcontrolelements api" classname="Scenario: Verify control elements when brand=MACYS,division=71,controlGroup=OFFERTYPE selected" time="0"/>
  <testcase name="Then I Verify Control Elements API Response" classname="Scenario: Verify control elements when brand=MACYS,division=71,controlGroup=OFFERTYPE selected" time="0"/>
  <testcase name="Scenario: Verify control elements when brand=MACYS,division=71,controlGroup=OFFERTYPE selected" classname="Scenario: Verify control elements when brand=MACYS,division=71,controlGroup=OFFERTYPE selected" time="0"/>
  <testcase name="Given I invoke getcontrolelements api" classname="Scenario: Verify control elements when brand=MACYS,division=71,controlGroup=PRICESTATUS selected" time="0"/>
  <testcase name="Then I Verify Control Elements API Response" classname="Scenario: Verify control elements when brand=MACYS,division=71,controlGroup=PRICESTATUS selected" time="0"/>
  <testcase name="Scenario: Verify control elements when brand=MACYS,division=71,controlGroup=PRICESTATUS selected" classname="Scenario: Verify control elements when brand=MACYS,division=71,controlGroup=PRICESTATUS selected" time="0.001"/>
  <testcase name="Given I invoke getcontrolelements api" classname="Scenario: Verify control elements when brand=MACYS,division=71,controlGroup=PRESENTMENT selected" time="0"/>
  <testcase name="Then I Verify Control Elements API Response" classname="Scenario: Verify control elements when brand=MACYS,division=71,controlGroup=PRESENTMENT selected" time="0"/>
  <testcase name="Scenario: Verify control elements when brand=MACYS,division=71,controlGroup=PRESENTMENT selected" classname="Scenario: Verify control elements when brand=MACYS,division=71,controlGroup=PRESENTMENT selected" time="0"/>
  <testcase name="Given I invoke getcontrolelements api" classname="Scenario: Verify control elements when brand=MACYS,division=71,controlGroup=TIERLEVEL selected" time="0"/>
  <testcase name="Then I Verify Control Elements API Response" classname="Scenario: Verify control elements when brand=MACYS,division=71,controlGroup=TIERLEVEL selected" time="0"/>
  <testcase name="Scenario: Verify control elements when brand=MACYS,division=71,controlGroup=TIERLEVEL selected" classname="Scenario: Verify control elements when brand=MACYS,division=71,controlGroup=TIERLEVEL selected" time="0"/>
  <testcase name="Given I invoke getcontrolelements api" classname="Scenario: Verify control elements when brand=MACYS,division=71,controlGroup=CHANNELELIGIBLE selected" time="0"/>
  <testcase name="Then I Verify Control Elements API Response" classname="Scenario: Verify control elements when brand=MACYS,division=71,controlGroup=CHANNELELIGIBLE selected" time="0"/>
  <testcase name="Scenario: Verify control elements when brand=MACYS,division=71,controlGroup=CHANNELELIGIBLE selected" classname="Scenario: Verify control elements when brand=MACYS,division=71,controlGroup=CHANNELELIGIBLE selected" time="0"/>
  <testcase name="Given I invoke getcontrolelements api" classname="Scenario: Verify control elements when brand=MACYS,division=71,controlKey=2 and controlGroup=OFFERTYPE selected" time="0"/>
  <testcase name="Then I Verify Control Elements API Response" classname="Scenario: Verify control elements when brand=MACYS,division=71,controlKey=2 and controlGroup=OFFERTYPE selected" time="0"/>
  <testcase name="Scenario: Verify control elements when brand=MACYS,division=71,controlKey=2 and controlGroup=OFFERTYPE selected" classname="Scenario: Verify control elements when brand=MACYS,division=71,controlKey=2 and controlGroup=OFFERTYPE selected" time="0"/>
  <testcase name="Given I invoke getcontrolelements api" classname="Scenario: Verify control elements with no query parameters" time="0"/>
  <testcase name="Then I Verify Control Elements API Response" classname="Scenario: Verify control elements with no query parameters" time="0"/>
  <testcase name="Scenario: Verify control elements with no query parameters" classname="Scenario: Verify control elements with no query parameters" time="0"/>
  <testcase name="Given I Create Offer(Scenario: Verify create Offer for fixed incremental points for every purchase of $XX" classname="Given I Create Offer(Scenario: Verify create Offer for fixed incremental points for every purchase of $XX(no products) with isincremental true and incremental amount)" time="0"/>
  <testcase name="Then I Verify Offer Response(Scenario: Verify create Offer for fixed incremental points for every purchase of $XX" classname="Then I Verify Offer Response(Scenario: Verify create Offer for fixed incremental points for every purchase of $XX(no products) with isincremental true and incremental amount)" time="0.001">
    <failure message="&#10;The following 2 assertions failed:&#10;1) [The EffectiveDate value is: ] expected:&lt;&quot;2017-11-23T[12]:00:00.000&quot;&gt; but was:&lt;&quot;2017-11-23T[00]:00:00.000&quot;&gt;&#10;2) [The ExpirationDate value is: ] expected:&lt;&quot;2017-11-30T[11]:59:00.000&quot;&gt; but was:&lt;&quot;2017-11-30T[23]:59:00.000&quot;&gt;&#10;" type="org.assertj.core.api.SoftAssertionError"><![CDATA[org.assertj.core.api.SoftAssertionError: 

The following 2 assertions failed:
1) [The EffectiveDate value is: ] expected:<"2017-11-23T[12]:00:00.000"> but was:<"2017-11-23T[00]:00:00.000">
2) [The ExpirationDate value is: ] expected:<"2017-11-30T[11]:59:00.000"> but was:<"2017-11-30T[23]:59:00.000">

]]></failure>
    <system-out><![CDATA[TR=2018-01-02 18:54:00,046|INFO|com.macys.marketing.loyalty.LtyIntegrationTest.steps.offetool.StepDefinition|Start of method :: createOffer
]]></system-out>
  </testcase>
  <testcase name="Then I Verify Offer Response(Scenario: Verify create Offer for fixed incremental points for every purchase of $XX" classname="Then I Verify Offer Response(Scenario: Verify create Offer for fixed incremental points for every purchase of $XX(no products) with isincremental true and incremental amount)" time="0">
    <skipped/>
  </testcase>
  <testcase name="Scenario: Verify create Offer for fixed incremental points for every purchase of $XX" classname="Scenario: Verify create Offer for fixed incremental points for every purchase of $XX(no products) with isincremental true and incremental amount" time="0.001">
    <failure message="&#10;The following 2 assertions failed:&#10;1) [The EffectiveDate value is: ] expected:&lt;&quot;2017-11-23T[12]:00:00.000&quot;&gt; but was:&lt;&quot;2017-11-23T[00]:00:00.000&quot;&gt;&#10;2) [The ExpirationDate value is: ] expected:&lt;&quot;2017-11-30T[11]:59:00.000&quot;&gt; but was:&lt;&quot;2017-11-30T[23]:59:00.000&quot;&gt;&#10;" type="org.assertj.core.api.SoftAssertionError"><![CDATA[org.assertj.core.api.SoftAssertionError: 

The following 2 assertions failed:
1) [The EffectiveDate value is: ] expected:<"2017-11-23T[12]:00:00.000"> but was:<"2017-11-23T[00]:00:00.000">
2) [The ExpirationDate value is: ] expected:<"2017-11-30T[11]:59:00.000"> but was:<"2017-11-30T[23]:59:00.000">

]]></failure>
  </testcase>
  <testcase name="And I Retrieve offer(Scenario: Verify create Offer for fixed incremental points for every purchase of $XX" classname="And I Retrieve offer(Scenario: Verify create Offer for fixed incremental points for every purchase of $XX(no products) with isincremental true and incremental amount)" time="0">
    <skipped/>
  </testcase>
  <testcase name="And I update offer status(Scenario: Verify create Offer for fixed incremental points for every purchase of $XX" classname="And I update offer status(Scenario: Verify create Offer for fixed incremental points for every purchase of $XX(no products) with isincremental true and incremental amount)" time="0">
    <skipped/>
  </testcase>
  <testcase name="And I update offer status(Scenario: Verify create Offer for fixed incremental points for every purchase of $XX" classname="And I update offer status(Scenario: Verify create Offer for fixed incremental points for every purchase of $XX(no products) with isincremental true and incremental amount)" time="0">
    <skipped/>
  </testcase>
  <testcase name="And I Delete offer(Scenario: Verify create Offer for fixed incremental points for every purchase of $XX" classname="And I Delete offer(Scenario: Verify create Offer for fixed incremental points for every purchase of $XX(no products) with isincremental true and incremental amount)" time="0">
    <skipped/>
  </testcase>
  <testcase name="Given I Create Offer" classname="Scenario: Verify create Offer for fixed incremental points for every purchase of $XX product spend with isincremental true and incremental amount" time="0"/>
  <testcase name="Then I Verify Offer Response" classname="Scenario: Verify create Offer for fixed incremental points for every purchase of $XX product spend with isincremental true and incremental amount" time="0">
    <failure message="&#10;The following 2 assertions failed:&#10;1) [The EffectiveDate value is: ] expected:&lt;&quot;2017-11-23T[12]:00:00.000&quot;&gt; but was:&lt;&quot;2017-11-23T[00]:00:00.000&quot;&gt;&#10;2) [The ExpirationDate value is: ] expected:&lt;&quot;2017-12-30T[11]:59:00.000&quot;&gt; but was:&lt;&quot;2017-12-30T[23]:59:00.000&quot;&gt;&#10;" type="org.assertj.core.api.SoftAssertionError"><![CDATA[org.assertj.core.api.SoftAssertionError: 

The following 2 assertions failed:
1) [The EffectiveDate value is: ] expected:<"2017-11-23T[12]:00:00.000"> but was:<"2017-11-23T[00]:00:00.000">
2) [The ExpirationDate value is: ] expected:<"2017-12-30T[11]:59:00.000"> but was:<"2017-12-30T[23]:59:00.000">

]]></failure>
    <system-out><![CDATA[TR=2018-01-02 18:54:01,586|INFO|com.macys.marketing.loyalty.LtyIntegrationTest.steps.offetool.StepDefinition|Start of method :: createOffer
]]></system-out>
  </testcase>
  <testcase name="Then I Verify Offer Response" classname="Scenario: Verify create Offer for fixed incremental points for every purchase of $XX product spend with isincremental true and incremental amount" time="0">
    <skipped/>
  </testcase>
  <testcase name="Scenario: Verify create Offer for fixed incremental points for every purchase of $XX product spend with isincremental true and incremental amount" classname="Scenario: Verify create Offer for fixed incremental points for every purchase of $XX product spend with isincremental true and incremental amount" time="0">
    <failure message="&#10;The following 2 assertions failed:&#10;1) [The EffectiveDate value is: ] expected:&lt;&quot;2017-11-23T[12]:00:00.000&quot;&gt; but was:&lt;&quot;2017-11-23T[00]:00:00.000&quot;&gt;&#10;2) [The ExpirationDate value is: ] expected:&lt;&quot;2017-12-30T[11]:59:00.000&quot;&gt; but was:&lt;&quot;2017-12-30T[23]:59:00.000&quot;&gt;&#10;" type="org.assertj.core.api.SoftAssertionError"><![CDATA[org.assertj.core.api.SoftAssertionError: 

The following 2 assertions failed:
1) [The EffectiveDate value is: ] expected:<"2017-11-23T[12]:00:00.000"> but was:<"2017-11-23T[00]:00:00.000">
2) [The ExpirationDate value is: ] expected:<"2017-12-30T[11]:59:00.000"> but was:<"2017-12-30T[23]:59:00.000">

]]></failure>
  </testcase>
  <testcase name="And I Retrieve offer" classname="Scenario: Verify create Offer for fixed incremental points for every purchase of $XX product spend with isincremental true and incremental amount" time="0">
    <skipped/>
  </testcase>
  <testcase name="And I update offer status" classname="Scenario: Verify create Offer for fixed incremental points for every purchase of $XX product spend with isincremental true and incremental amount" time="0">
    <skipped/>
  </testcase>
  <testcase name="And I update offer status" classname="Scenario: Verify create Offer for fixed incremental points for every purchase of $XX product spend with isincremental true and incremental amount" time="0">
    <skipped/>
  </testcase>
  <testcase name="And I Delete offer" classname="Scenario: Verify create Offer for fixed incremental points for every purchase of $XX product spend with isincremental true and incremental amount" time="0">
    <skipped/>
  </testcase>
  <testcase name="Given I Create Offer(Scenario: Verify create Offer for fixed incremental points for every purchase of $XX" classname="Given I Create Offer(Scenario: Verify create Offer for fixed incremental points for every purchase of $XX(no products) with isincremental false)" time="0"/>
  <testcase name="Then I Verify Offer Response(Scenario: Verify create Offer for fixed incremental points for every purchase of $XX" classname="Then I Verify Offer Response(Scenario: Verify create Offer for fixed incremental points for every purchase of $XX(no products) with isincremental false)" time="0">
    <failure message="&#10;The following 2 assertions failed:&#10;1) [The EffectiveDate value is: ] expected:&lt;&quot;2017-11-23T[12]:00:00.000&quot;&gt; but was:&lt;&quot;2017-11-23T[00]:00:00.000&quot;&gt;&#10;2) [The ExpirationDate value is: ] expected:&lt;&quot;2017-11-30T[11]:59:00.000&quot;&gt; but was:&lt;&quot;2017-11-30T[23]:59:00.000&quot;&gt;&#10;" type="org.assertj.core.api.SoftAssertionError"><![CDATA[org.assertj.core.api.SoftAssertionError: 

The following 2 assertions failed:
1) [The EffectiveDate value is: ] expected:<"2017-11-23T[12]:00:00.000"> but was:<"2017-11-23T[00]:00:00.000">
2) [The ExpirationDate value is: ] expected:<"2017-11-30T[11]:59:00.000"> but was:<"2017-11-30T[23]:59:00.000">

]]></failure>
    <system-out><![CDATA[TR=2018-01-02 18:54:02,458|INFO|com.macys.marketing.loyalty.LtyIntegrationTest.steps.offetool.StepDefinition|Start of method :: createOffer
]]></system-out>
  </testcase>
  <testcase name="Then I Verify Offer Response(Scenario: Verify create Offer for fixed incremental points for every purchase of $XX" classname="Then I Verify Offer Response(Scenario: Verify create Offer for fixed incremental points for every purchase of $XX(no products) with isincremental false)" time="0">
    <skipped/>
  </testcase>
  <testcase name="Scenario: Verify create Offer for fixed incremental points for every purchase of $XX" classname="Scenario: Verify create Offer for fixed incremental points for every purchase of $XX(no products) with isincremental false" time="0">
    <failure message="&#10;The following 2 assertions failed:&#10;1) [The EffectiveDate value is: ] expected:&lt;&quot;2017-11-23T[12]:00:00.000&quot;&gt; but was:&lt;&quot;2017-11-23T[00]:00:00.000&quot;&gt;&#10;2) [The ExpirationDate value is: ] expected:&lt;&quot;2017-11-30T[11]:59:00.000&quot;&gt; but was:&lt;&quot;2017-11-30T[23]:59:00.000&quot;&gt;&#10;" type="org.assertj.core.api.SoftAssertionError"><![CDATA[org.assertj.core.api.SoftAssertionError: 

The following 2 assertions failed:
1) [The EffectiveDate value is: ] expected:<"2017-11-23T[12]:00:00.000"> but was:<"2017-11-23T[00]:00:00.000">
2) [The ExpirationDate value is: ] expected:<"2017-11-30T[11]:59:00.000"> but was:<"2017-11-30T[23]:59:00.000">

]]></failure>
  </testcase>
  <testcase name="And I Retrieve offer(Scenario: Verify create Offer for fixed incremental points for every purchase of $XX" classname="And I Retrieve offer(Scenario: Verify create Offer for fixed incremental points for every purchase of $XX(no products) with isincremental false)" time="0">
    <skipped/>
  </testcase>
  <testcase name="And I update offer status(Scenario: Verify create Offer for fixed incremental points for every purchase of $XX" classname="And I update offer status(Scenario: Verify create Offer for fixed incremental points for every purchase of $XX(no products) with isincremental false)" time="0">
    <skipped/>
  </testcase>
  <testcase name="And I update offer status(Scenario: Verify create Offer for fixed incremental points for every purchase of $XX" classname="And I update offer status(Scenario: Verify create Offer for fixed incremental points for every purchase of $XX(no products) with isincremental false)" time="0">
    <skipped/>
  </testcase>
  <testcase name="And I Delete offer(Scenario: Verify create Offer for fixed incremental points for every purchase of $XX" classname="And I Delete offer(Scenario: Verify create Offer for fixed incremental points for every purchase of $XX(no products) with isincremental false)" time="0">
    <skipped/>
  </testcase>
  <testcase name="Given I Create Offer" classname="Scenario: Verify create Offer for fixed incremental points for every purchase of $XX product spend with isincremental false" time="0"/>
  <testcase name="Then I Verify Offer Response" classname="Scenario: Verify create Offer for fixed incremental points for every purchase of $XX product spend with isincremental false" time="0">
    <failure message="&#10;The following 2 assertions failed:&#10;1) [The EffectiveDate value is: ] expected:&lt;&quot;2017-11-23T[12]:00:00.000&quot;&gt; but was:&lt;&quot;2017-11-23T[00]:00:00.000&quot;&gt;&#10;2) [The ExpirationDate value is: ] expected:&lt;&quot;2017-12-30T[11]:59:00.000&quot;&gt; but was:&lt;&quot;2017-12-30T[23]:59:00.000&quot;&gt;&#10;" type="org.assertj.core.api.SoftAssertionError"><![CDATA[org.assertj.core.api.SoftAssertionError: 

The following 2 assertions failed:
1) [The EffectiveDate value is: ] expected:<"2017-11-23T[12]:00:00.000"> but was:<"2017-11-23T[00]:00:00.000">
2) [The ExpirationDate value is: ] expected:<"2017-12-30T[11]:59:00.000"> but was:<"2017-12-30T[23]:59:00.000">

]]></failure>
    <system-out><![CDATA[TR=2018-01-02 18:54:03,529|INFO|com.macys.marketing.loyalty.LtyIntegrationTest.steps.offetool.StepDefinition|Start of method :: createOffer
]]></system-out>
  </testcase>
  <testcase name="Then I Verify Offer Response" classname="Scenario: Verify create Offer for fixed incremental points for every purchase of $XX product spend with isincremental false" time="0">
    <skipped/>
  </testcase>
  <testcase name="Scenario: Verify create Offer for fixed incremental points for every purchase of $XX product spend with isincremental false" classname="Scenario: Verify create Offer for fixed incremental points for every purchase of $XX product spend with isincremental false" time="0">
    <failure message="&#10;The following 2 assertions failed:&#10;1) [The EffectiveDate value is: ] expected:&lt;&quot;2017-11-23T[12]:00:00.000&quot;&gt; but was:&lt;&quot;2017-11-23T[00]:00:00.000&quot;&gt;&#10;2) [The ExpirationDate value is: ] expected:&lt;&quot;2017-12-30T[11]:59:00.000&quot;&gt; but was:&lt;&quot;2017-12-30T[23]:59:00.000&quot;&gt;&#10;" type="org.assertj.core.api.SoftAssertionError"><![CDATA[org.assertj.core.api.SoftAssertionError: 

The following 2 assertions failed:
1) [The EffectiveDate value is: ] expected:<"2017-11-23T[12]:00:00.000"> but was:<"2017-11-23T[00]:00:00.000">
2) [The ExpirationDate value is: ] expected:<"2017-12-30T[11]:59:00.000"> but was:<"2017-12-30T[23]:59:00.000">

]]></failure>
  </testcase>
  <testcase name="And I Retrieve offer" classname="Scenario: Verify create Offer for fixed incremental points for every purchase of $XX product spend with isincremental false" time="0">
    <skipped/>
  </testcase>
  <testcase name="And I update offer status" classname="Scenario: Verify create Offer for fixed incremental points for every purchase of $XX product spend with isincremental false" time="0">
    <skipped/>
  </testcase>
  <testcase name="And I update offer status" classname="Scenario: Verify create Offer for fixed incremental points for every purchase of $XX product spend with isincremental false" time="0">
    <skipped/>
  </testcase>
  <testcase name="And I Delete offer" classname="Scenario: Verify create Offer for fixed incremental points for every purchase of $XX product spend with isincremental false" time="0">
    <skipped/>
  </testcase>
  <testcase name="Given I Create Offer" classname="Scenario: Verify create Offer" time="0"/>
  <testcase name="Then I Verify Offer Response" classname="Scenario: Verify create Offer" time="0"/>
  <testcase name="And I update offer status" classname="Scenario: Verify create Offer" time="0"/>
  <testcase name="And I update offer status" classname="Scenario: Verify create Offer" time="0"/>
  <testcase name="And I Retrieve offer" classname="Scenario: Verify create Offer" time="0"/>
  <testcase name="And I Delete offer" classname="Scenario: Verify create Offer" time="0"/>
  <testcase name="Scenario: Verify create Offer" classname="Scenario: Verify create Offer" time="0"/>
  <testcase name="Given I Create Offer" classname="Scenario: CreateFixedOfferForAnyPurchase" time="0"/>
  <testcase name="And I update offer status" classname="Scenario: CreateFixedOfferForAnyPurchase" time="0"/>
  <testcase name="And I update offer status" classname="Scenario: CreateFixedOfferForAnyPurchase" time="0"/>
  <testcase name="And I Delete offer" classname="Scenario: CreateFixedOfferForAnyPurchase" time="0"/>
  <testcase name="Scenario: CreateFixedOfferForAnyPurchase" classname="Scenario: CreateFixedOfferForAnyPurchase" time="0"/>
  <testcase name="Given I Create Offer" classname="Scenario: CreateFixedOfferForProductSpend" time="0"/>
  <testcase name="And I update offer status" classname="Scenario: CreateFixedOfferForProductSpend" time="0"/>
  <testcase name="And I update offer status" classname="Scenario: CreateFixedOfferForProductSpend" time="0"/>
  <testcase name="And I Delete offer" classname="Scenario: CreateFixedOfferForProductSpend" time="0.001"/>
  <testcase name="Scenario: CreateFixedOfferForProductSpend" classname="Scenario: CreateFixedOfferForProductSpend" time="0.001"/>
  <testcase name="Given I Create Offer" classname="Scenario: CreateFixedOfferForTransactionSpend" time="0"/>
  <testcase name="And I update offer status" classname="Scenario: CreateFixedOfferForTransactionSpend" time="0"/>
  <testcase name="And I update offer status" classname="Scenario: CreateFixedOfferForTransactionSpend" time="0"/>
  <testcase name="And I Delete offer" classname="Scenario: CreateFixedOfferForTransactionSpend" time="0"/>
  <testcase name="Scenario: CreateFixedOfferForTransactionSpend" classname="Scenario: CreateFixedOfferForTransactionSpend" time="0"/>
  <testcase name="Given I Create Offer(Scenario: Scenario: Verify offer type and event type in offer response for event type &apos;CC Enroll&apos; and offer type &apos;Fixed for non-transactional behavior " classname="Given I Create Offer(Scenario: Scenario: Verify offer type and event type in offer response for event type &apos;CC Enroll&apos; and offer type &apos;Fixed for non-transactional behavior (no purchase required therefore product hierarch selection should be disabled)&apos;)" time="0"/>
  <testcase name="Then I Verify Offer Response(Scenario: Scenario: Verify offer type and event type in offer response for event type &apos;CC Enroll&apos; and offer type &apos;Fixed for non-transactional behavior " classname="Then I Verify Offer Response(Scenario: Scenario: Verify offer type and event type in offer response for event type &apos;CC Enroll&apos; and offer type &apos;Fixed for non-transactional behavior (no purchase required therefore product hierarch selection should be disabled)&apos;)" time="0">
    <failure message="&#10;The following 2 assertions failed:&#10;1) [The EffectiveDate value is: ] expected:&lt;&quot;2017-12-12T[12]:00:00.000&quot;&gt; but was:&lt;&quot;2017-12-12T[00]:00:00.000&quot;&gt;&#10;2) [The ExpirationDate value is: ] expected:&lt;&quot;2017-12-13T[12]:00:00.000&quot;&gt; but was:&lt;&quot;2017-12-13T[00]:00:00.000&quot;&gt;&#10;" type="org.assertj.core.api.SoftAssertionError"><![CDATA[org.assertj.core.api.SoftAssertionError: 

The following 2 assertions failed:
1) [The EffectiveDate value is: ] expected:<"2017-12-12T[12]:00:00.000"> but was:<"2017-12-12T[00]:00:00.000">
2) [The ExpirationDate value is: ] expected:<"2017-12-13T[12]:00:00.000"> but was:<"2017-12-13T[00]:00:00.000">

]]></failure>
    <system-out><![CDATA[TR=2018-01-02 18:54:17,356|INFO|com.macys.marketing.loyalty.LtyIntegrationTest.steps.offetool.StepDefinition|Start of method :: createOffer
]]></system-out>
  </testcase>
  <testcase name="Then I Verify Offer Response(Scenario: Scenario: Verify offer type and event type in offer response for event type &apos;CC Enroll&apos; and offer type &apos;Fixed for non-transactional behavior " classname="Then I Verify Offer Response(Scenario: Scenario: Verify offer type and event type in offer response for event type &apos;CC Enroll&apos; and offer type &apos;Fixed for non-transactional behavior (no purchase required therefore product hierarch selection should be disabled)&apos;)" time="0">
    <skipped/>
  </testcase>
  <testcase name="Scenario: Scenario: Verify offer type and event type in offer response for event type &apos;CC Enroll&apos; and offer type &apos;Fixed for non-transactional behavior " classname="Scenario: Scenario: Verify offer type and event type in offer response for event type &apos;CC Enroll&apos; and offer type &apos;Fixed for non-transactional behavior (no purchase required therefore product hierarch selection should be disabled)&apos;" time="0">
    <failure message="&#10;The following 2 assertions failed:&#10;1) [The EffectiveDate value is: ] expected:&lt;&quot;2017-12-12T[12]:00:00.000&quot;&gt; but was:&lt;&quot;2017-12-12T[00]:00:00.000&quot;&gt;&#10;2) [The ExpirationDate value is: ] expected:&lt;&quot;2017-12-13T[12]:00:00.000&quot;&gt; but was:&lt;&quot;2017-12-13T[00]:00:00.000&quot;&gt;&#10;" type="org.assertj.core.api.SoftAssertionError"><![CDATA[org.assertj.core.api.SoftAssertionError: 

The following 2 assertions failed:
1) [The EffectiveDate value is: ] expected:<"2017-12-12T[12]:00:00.000"> but was:<"2017-12-12T[00]:00:00.000">
2) [The ExpirationDate value is: ] expected:<"2017-12-13T[12]:00:00.000"> but was:<"2017-12-13T[00]:00:00.000">

]]></failure>
  </testcase>
  <testcase name="And I Retrieve offer(Scenario: Scenario: Verify offer type and event type in offer response for event type &apos;CC Enroll&apos; and offer type &apos;Fixed for non-transactional behavior " classname="And I Retrieve offer(Scenario: Scenario: Verify offer type and event type in offer response for event type &apos;CC Enroll&apos; and offer type &apos;Fixed for non-transactional behavior (no purchase required therefore product hierarch selection should be disabled)&apos;)" time="0">
    <skipped/>
  </testcase>
  <testcase name="And I update offer status(Scenario: Scenario: Verify offer type and event type in offer response for event type &apos;CC Enroll&apos; and offer type &apos;Fixed for non-transactional behavior " classname="And I update offer status(Scenario: Scenario: Verify offer type and event type in offer response for event type &apos;CC Enroll&apos; and offer type &apos;Fixed for non-transactional behavior (no purchase required therefore product hierarch selection should be disabled)&apos;)" time="0">
    <skipped/>
  </testcase>
  <testcase name="And I update offer status(Scenario: Scenario: Verify offer type and event type in offer response for event type &apos;CC Enroll&apos; and offer type &apos;Fixed for non-transactional behavior " classname="And I update offer status(Scenario: Scenario: Verify offer type and event type in offer response for event type &apos;CC Enroll&apos; and offer type &apos;Fixed for non-transactional behavior (no purchase required therefore product hierarch selection should be disabled)&apos;)" time="0">
    <skipped/>
  </testcase>
  <testcase name="And I Delete offer(Scenario: Scenario: Verify offer type and event type in offer response for event type &apos;CC Enroll&apos; and offer type &apos;Fixed for non-transactional behavior " classname="And I Delete offer(Scenario: Scenario: Verify offer type and event type in offer response for event type &apos;CC Enroll&apos; and offer type &apos;Fixed for non-transactional behavior (no purchase required therefore product hierarch selection should be disabled)&apos;)" time="0">
    <skipped/>
  </testcase>
  <testcase name="Given I Create Offer(Scenario: Verify offer type and event type in offer response for event type &apos;Loyalty Enroll&apos; and offer type &apos;Fixed for non-transactional behavior " classname="Given I Create Offer(Scenario: Verify offer type and event type in offer response for event type &apos;Loyalty Enroll&apos; and offer type &apos;Fixed for non-transactional behavior (no purchase required therefore product hierarch selection should be disabled)&apos;)" time="0"/>
  <testcase name="Then I Verify Offer Response(Scenario: Verify offer type and event type in offer response for event type &apos;Loyalty Enroll&apos; and offer type &apos;Fixed for non-transactional behavior " classname="Then I Verify Offer Response(Scenario: Verify offer type and event type in offer response for event type &apos;Loyalty Enroll&apos; and offer type &apos;Fixed for non-transactional behavior (no purchase required therefore product hierarch selection should be disabled)&apos;)" time="0">
    <failure message="&#10;The following 2 assertions failed:&#10;1) [The EffectiveDate value is: ] expected:&lt;&quot;2017-12-12T[12]:00:00.000&quot;&gt; but was:&lt;&quot;2017-12-12T[00]:00:00.000&quot;&gt;&#10;2) [The ExpirationDate value is: ] expected:&lt;&quot;2017-12-13T[12]:00:00.000&quot;&gt; but was:&lt;&quot;2017-12-13T[00]:00:00.000&quot;&gt;&#10;" type="org.assertj.core.api.SoftAssertionError"><![CDATA[org.assertj.core.api.SoftAssertionError: 

The following 2 assertions failed:
1) [The EffectiveDate value is: ] expected:<"2017-12-12T[12]:00:00.000"> but was:<"2017-12-12T[00]:00:00.000">
2) [The ExpirationDate value is: ] expected:<"2017-12-13T[12]:00:00.000"> but was:<"2017-12-13T[00]:00:00.000">

]]></failure>
    <system-out><![CDATA[TR=2018-01-02 18:54:18,092|INFO|com.macys.marketing.loyalty.LtyIntegrationTest.steps.offetool.StepDefinition|Start of method :: createOffer
]]></system-out>
  </testcase>
  <testcase name="Then I Verify Offer Response(Scenario: Verify offer type and event type in offer response for event type &apos;Loyalty Enroll&apos; and offer type &apos;Fixed for non-transactional behavior " classname="Then I Verify Offer Response(Scenario: Verify offer type and event type in offer response for event type &apos;Loyalty Enroll&apos; and offer type &apos;Fixed for non-transactional behavior (no purchase required therefore product hierarch selection should be disabled)&apos;)" time="0">
    <skipped/>
  </testcase>
  <testcase name="Scenario: Verify offer type and event type in offer response for event type &apos;Loyalty Enroll&apos; and offer type &apos;Fixed for non-transactional behavior " classname="Scenario: Verify offer type and event type in offer response for event type &apos;Loyalty Enroll&apos; and offer type &apos;Fixed for non-transactional behavior (no purchase required therefore product hierarch selection should be disabled)&apos;" time="0">
    <failure message="&#10;The following 2 assertions failed:&#10;1) [The EffectiveDate value is: ] expected:&lt;&quot;2017-12-12T[12]:00:00.000&quot;&gt; but was:&lt;&quot;2017-12-12T[00]:00:00.000&quot;&gt;&#10;2) [The ExpirationDate value is: ] expected:&lt;&quot;2017-12-13T[12]:00:00.000&quot;&gt; but was:&lt;&quot;2017-12-13T[00]:00:00.000&quot;&gt;&#10;" type="org.assertj.core.api.SoftAssertionError"><![CDATA[org.assertj.core.api.SoftAssertionError: 

The following 2 assertions failed:
1) [The EffectiveDate value is: ] expected:<"2017-12-12T[12]:00:00.000"> but was:<"2017-12-12T[00]:00:00.000">
2) [The ExpirationDate value is: ] expected:<"2017-12-13T[12]:00:00.000"> but was:<"2017-12-13T[00]:00:00.000">

]]></failure>
  </testcase>
  <testcase name="And I Retrieve offer(Scenario: Verify offer type and event type in offer response for event type &apos;Loyalty Enroll&apos; and offer type &apos;Fixed for non-transactional behavior " classname="And I Retrieve offer(Scenario: Verify offer type and event type in offer response for event type &apos;Loyalty Enroll&apos; and offer type &apos;Fixed for non-transactional behavior (no purchase required therefore product hierarch selection should be disabled)&apos;)" time="0">
    <skipped/>
  </testcase>
  <testcase name="And I update offer status(Scenario: Verify offer type and event type in offer response for event type &apos;Loyalty Enroll&apos; and offer type &apos;Fixed for non-transactional behavior " classname="And I update offer status(Scenario: Verify offer type and event type in offer response for event type &apos;Loyalty Enroll&apos; and offer type &apos;Fixed for non-transactional behavior (no purchase required therefore product hierarch selection should be disabled)&apos;)" time="0">
    <skipped/>
  </testcase>
  <testcase name="And I update offer status(Scenario: Verify offer type and event type in offer response for event type &apos;Loyalty Enroll&apos; and offer type &apos;Fixed for non-transactional behavior " classname="And I update offer status(Scenario: Verify offer type and event type in offer response for event type &apos;Loyalty Enroll&apos; and offer type &apos;Fixed for non-transactional behavior (no purchase required therefore product hierarch selection should be disabled)&apos;)" time="0">
    <skipped/>
  </testcase>
  <testcase name="And I Delete offer(Scenario: Verify offer type and event type in offer response for event type &apos;Loyalty Enroll&apos; and offer type &apos;Fixed for non-transactional behavior " classname="And I Delete offer(Scenario: Verify offer type and event type in offer response for event type &apos;Loyalty Enroll&apos; and offer type &apos;Fixed for non-transactional behavior (no purchase required therefore product hierarch selection should be disabled)&apos;)" time="0">
    <skipped/>
  </testcase>
  <testcase name="Given I Create Offer(Scenario: Verify offer type and event type in offer response for event type &apos;Email add&apos; and offer type &apos;Fixed for non-transactional behavior " classname="Given I Create Offer(Scenario: Verify offer type and event type in offer response for event type &apos;Email add&apos; and offer type &apos;Fixed for non-transactional behavior (no purchase required therefore product hierarch selection should be disabled)&apos;)" time="0"/>
  <testcase name="Then I Verify Offer Response(Scenario: Verify offer type and event type in offer response for event type &apos;Email add&apos; and offer type &apos;Fixed for non-transactional behavior " classname="Then I Verify Offer Response(Scenario: Verify offer type and event type in offer response for event type &apos;Email add&apos; and offer type &apos;Fixed for non-transactional behavior (no purchase required therefore product hierarch selection should be disabled)&apos;)" time="0">
    <failure message="&#10;The following 2 assertions failed:&#10;1) [The EffectiveDate value is: ] expected:&lt;&quot;2017-12-12T[12]:00:00.000&quot;&gt; but was:&lt;&quot;2017-12-12T[00]:00:00.000&quot;&gt;&#10;2) [The ExpirationDate value is: ] expected:&lt;&quot;2017-12-13T[12]:00:00.000&quot;&gt; but was:&lt;&quot;2017-12-13T[00]:00:00.000&quot;&gt;&#10;" type="org.assertj.core.api.SoftAssertionError"><![CDATA[org.assertj.core.api.SoftAssertionError: 

The following 2 assertions failed:
1) [The EffectiveDate value is: ] expected:<"2017-12-12T[12]:00:00.000"> but was:<"2017-12-12T[00]:00:00.000">
2) [The ExpirationDate value is: ] expected:<"2017-12-13T[12]:00:00.000"> but was:<"2017-12-13T[00]:00:00.000">

]]></failure>
    <system-out><![CDATA[TR=2018-01-02 18:54:18,882|INFO|com.macys.marketing.loyalty.LtyIntegrationTest.steps.offetool.StepDefinition|Start of method :: createOffer
]]></system-out>
  </testcase>
  <testcase name="Then I Verify Offer Response(Scenario: Verify offer type and event type in offer response for event type &apos;Email add&apos; and offer type &apos;Fixed for non-transactional behavior " classname="Then I Verify Offer Response(Scenario: Verify offer type and event type in offer response for event type &apos;Email add&apos; and offer type &apos;Fixed for non-transactional behavior (no purchase required therefore product hierarch selection should be disabled)&apos;)" time="0">
    <skipped/>
  </testcase>
  <testcase name="Scenario: Verify offer type and event type in offer response for event type &apos;Email add&apos; and offer type &apos;Fixed for non-transactional behavior " classname="Scenario: Verify offer type and event type in offer response for event type &apos;Email add&apos; and offer type &apos;Fixed for non-transactional behavior (no purchase required therefore product hierarch selection should be disabled)&apos;" time="0">
    <failure message="&#10;The following 2 assertions failed:&#10;1) [The EffectiveDate value is: ] expected:&lt;&quot;2017-12-12T[12]:00:00.000&quot;&gt; but was:&lt;&quot;2017-12-12T[00]:00:00.000&quot;&gt;&#10;2) [The ExpirationDate value is: ] expected:&lt;&quot;2017-12-13T[12]:00:00.000&quot;&gt; but was:&lt;&quot;2017-12-13T[00]:00:00.000&quot;&gt;&#10;" type="org.assertj.core.api.SoftAssertionError"><![CDATA[org.assertj.core.api.SoftAssertionError: 

The following 2 assertions failed:
1) [The EffectiveDate value is: ] expected:<"2017-12-12T[12]:00:00.000"> but was:<"2017-12-12T[00]:00:00.000">
2) [The ExpirationDate value is: ] expected:<"2017-12-13T[12]:00:00.000"> but was:<"2017-12-13T[00]:00:00.000">

]]></failure>
  </testcase>
  <testcase name="And I Retrieve offer(Scenario: Verify offer type and event type in offer response for event type &apos;Email add&apos; and offer type &apos;Fixed for non-transactional behavior " classname="And I Retrieve offer(Scenario: Verify offer type and event type in offer response for event type &apos;Email add&apos; and offer type &apos;Fixed for non-transactional behavior (no purchase required therefore product hierarch selection should be disabled)&apos;)" time="0">
    <skipped/>
  </testcase>
  <testcase name="And I update offer status(Scenario: Verify offer type and event type in offer response for event type &apos;Email add&apos; and offer type &apos;Fixed for non-transactional behavior " classname="And I update offer status(Scenario: Verify offer type and event type in offer response for event type &apos;Email add&apos; and offer type &apos;Fixed for non-transactional behavior (no purchase required therefore product hierarch selection should be disabled)&apos;)" time="0">
    <skipped/>
  </testcase>
  <testcase name="And I update offer status(Scenario: Verify offer type and event type in offer response for event type &apos;Email add&apos; and offer type &apos;Fixed for non-transactional behavior " classname="And I update offer status(Scenario: Verify offer type and event type in offer response for event type &apos;Email add&apos; and offer type &apos;Fixed for non-transactional behavior (no purchase required therefore product hierarch selection should be disabled)&apos;)" time="0">
    <skipped/>
  </testcase>
  <testcase name="And I Delete offer(Scenario: Verify offer type and event type in offer response for event type &apos;Email add&apos; and offer type &apos;Fixed for non-transactional behavior " classname="And I Delete offer(Scenario: Verify offer type and event type in offer response for event type &apos;Email add&apos; and offer type &apos;Fixed for non-transactional behavior (no purchase required therefore product hierarch selection should be disabled)&apos;)" time="0">
    <skipped/>
  </testcase>
  <testcase name="Given I Create Offer(Scenario: Verify offer type and event type in offer response for event type &apos;Tier upgrade&apos; and offer type &apos;Fixed for non-transactional behavior " classname="Given I Create Offer(Scenario: Verify offer type and event type in offer response for event type &apos;Tier upgrade&apos; and offer type &apos;Fixed for non-transactional behavior (no purchase required therefore product hierarch selection should be disabled)&apos;)" time="0"/>
  <testcase name="Then I Verify Offer Response(Scenario: Verify offer type and event type in offer response for event type &apos;Tier upgrade&apos; and offer type &apos;Fixed for non-transactional behavior " classname="Then I Verify Offer Response(Scenario: Verify offer type and event type in offer response for event type &apos;Tier upgrade&apos; and offer type &apos;Fixed for non-transactional behavior (no purchase required therefore product hierarch selection should be disabled)&apos;)" time="0">
    <failure message="&#10;The following 2 assertions failed:&#10;1) [The EffectiveDate value is: ] expected:&lt;&quot;2017-12-12T[12]:00:00.000&quot;&gt; but was:&lt;&quot;2017-12-12T[00]:00:00.000&quot;&gt;&#10;2) [The ExpirationDate value is: ] expected:&lt;&quot;2017-12-13T[12]:00:00.000&quot;&gt; but was:&lt;&quot;2017-12-13T[00]:00:00.000&quot;&gt;&#10;" type="org.assertj.core.api.SoftAssertionError"><![CDATA[org.assertj.core.api.SoftAssertionError: 

The following 2 assertions failed:
1) [The EffectiveDate value is: ] expected:<"2017-12-12T[12]:00:00.000"> but was:<"2017-12-12T[00]:00:00.000">
2) [The ExpirationDate value is: ] expected:<"2017-12-13T[12]:00:00.000"> but was:<"2017-12-13T[00]:00:00.000">

]]></failure>
    <system-out><![CDATA[TR=2018-01-02 18:54:19,602|INFO|com.macys.marketing.loyalty.LtyIntegrationTest.steps.offetool.StepDefinition|Start of method :: createOffer
]]></system-out>
  </testcase>
  <testcase name="Then I Verify Offer Response(Scenario: Verify offer type and event type in offer response for event type &apos;Tier upgrade&apos; and offer type &apos;Fixed for non-transactional behavior " classname="Then I Verify Offer Response(Scenario: Verify offer type and event type in offer response for event type &apos;Tier upgrade&apos; and offer type &apos;Fixed for non-transactional behavior (no purchase required therefore product hierarch selection should be disabled)&apos;)" time="0">
    <skipped/>
  </testcase>
  <testcase name="Scenario: Verify offer type and event type in offer response for event type &apos;Tier upgrade&apos; and offer type &apos;Fixed for non-transactional behavior " classname="Scenario: Verify offer type and event type in offer response for event type &apos;Tier upgrade&apos; and offer type &apos;Fixed for non-transactional behavior (no purchase required therefore product hierarch selection should be disabled)&apos;" time="0.001">
    <failure message="&#10;The following 2 assertions failed:&#10;1) [The EffectiveDate value is: ] expected:&lt;&quot;2017-12-12T[12]:00:00.000&quot;&gt; but was:&lt;&quot;2017-12-12T[00]:00:00.000&quot;&gt;&#10;2) [The ExpirationDate value is: ] expected:&lt;&quot;2017-12-13T[12]:00:00.000&quot;&gt; but was:&lt;&quot;2017-12-13T[00]:00:00.000&quot;&gt;&#10;" type="org.assertj.core.api.SoftAssertionError"><![CDATA[org.assertj.core.api.SoftAssertionError: 

The following 2 assertions failed:
1) [The EffectiveDate value is: ] expected:<"2017-12-12T[12]:00:00.000"> but was:<"2017-12-12T[00]:00:00.000">
2) [The ExpirationDate value is: ] expected:<"2017-12-13T[12]:00:00.000"> but was:<"2017-12-13T[00]:00:00.000">

]]></failure>
  </testcase>
  <testcase name="And I Retrieve offer(Scenario: Verify offer type and event type in offer response for event type &apos;Tier upgrade&apos; and offer type &apos;Fixed for non-transactional behavior " classname="And I Retrieve offer(Scenario: Verify offer type and event type in offer response for event type &apos;Tier upgrade&apos; and offer type &apos;Fixed for non-transactional behavior (no purchase required therefore product hierarch selection should be disabled)&apos;)" time="0">
    <skipped/>
  </testcase>
  <testcase name="And I update offer status(Scenario: Verify offer type and event type in offer response for event type &apos;Tier upgrade&apos; and offer type &apos;Fixed for non-transactional behavior " classname="And I update offer status(Scenario: Verify offer type and event type in offer response for event type &apos;Tier upgrade&apos; and offer type &apos;Fixed for non-transactional behavior (no purchase required therefore product hierarch selection should be disabled)&apos;)" time="0">
    <skipped/>
  </testcase>
  <testcase name="And I update offer status(Scenario: Verify offer type and event type in offer response for event type &apos;Tier upgrade&apos; and offer type &apos;Fixed for non-transactional behavior " classname="And I update offer status(Scenario: Verify offer type and event type in offer response for event type &apos;Tier upgrade&apos; and offer type &apos;Fixed for non-transactional behavior (no purchase required therefore product hierarch selection should be disabled)&apos;)" time="0">
    <skipped/>
  </testcase>
  <testcase name="And I Delete offer(Scenario: Verify offer type and event type in offer response for event type &apos;Tier upgrade&apos; and offer type &apos;Fixed for non-transactional behavior " classname="And I Delete offer(Scenario: Verify offer type and event type in offer response for event type &apos;Tier upgrade&apos; and offer type &apos;Fixed for non-transactional behavior (no purchase required therefore product hierarch selection should be disabled)&apos;)" time="0">
    <skipped/>
  </testcase>
  <testcase name="Given I Create Offer(Scenario: Verify offer type and event type in offer response for event type &apos;CC Enroll&apos; and offer type &apos;Fixed for non-transactional behavior " classname="Given I Create Offer(Scenario: Verify offer type and event type in offer response for event type &apos;CC Enroll&apos; and offer type &apos;Fixed for non-transactional behavior (purchase required)&apos;)" time="0"/>
  <testcase name="Then I Verify Offer Response(Scenario: Verify offer type and event type in offer response for event type &apos;CC Enroll&apos; and offer type &apos;Fixed for non-transactional behavior " classname="Then I Verify Offer Response(Scenario: Verify offer type and event type in offer response for event type &apos;CC Enroll&apos; and offer type &apos;Fixed for non-transactional behavior (purchase required)&apos;)" time="0.001">
    <failure message="&#10;The following 2 assertions failed:&#10;1) [The EffectiveDate value is: ] expected:&lt;&quot;2017-12-12T[12]:00:00.000&quot;&gt; but was:&lt;&quot;2017-12-12T[00]:00:00.000&quot;&gt;&#10;2) [The ExpirationDate value is: ] expected:&lt;&quot;2017-12-13T[12]:00:00.000&quot;&gt; but was:&lt;&quot;2017-12-13T[00]:00:00.000&quot;&gt;&#10;" type="org.assertj.core.api.SoftAssertionError"><![CDATA[org.assertj.core.api.SoftAssertionError: 

The following 2 assertions failed:
1) [The EffectiveDate value is: ] expected:<"2017-12-12T[12]:00:00.000"> but was:<"2017-12-12T[00]:00:00.000">
2) [The ExpirationDate value is: ] expected:<"2017-12-13T[12]:00:00.000"> but was:<"2017-12-13T[00]:00:00.000">

]]></failure>
    <system-out><![CDATA[TR=2018-01-02 18:54:20,358|INFO|com.macys.marketing.loyalty.LtyIntegrationTest.steps.offetool.StepDefinition|Start of method :: createOffer
]]></system-out>
  </testcase>
  <testcase name="Then I Verify Offer Response(Scenario: Verify offer type and event type in offer response for event type &apos;CC Enroll&apos; and offer type &apos;Fixed for non-transactional behavior " classname="Then I Verify Offer Response(Scenario: Verify offer type and event type in offer response for event type &apos;CC Enroll&apos; and offer type &apos;Fixed for non-transactional behavior (purchase required)&apos;)" time="0">
    <skipped/>
  </testcase>
  <testcase name="Scenario: Verify offer type and event type in offer response for event type &apos;CC Enroll&apos; and offer type &apos;Fixed for non-transactional behavior " classname="Scenario: Verify offer type and event type in offer response for event type &apos;CC Enroll&apos; and offer type &apos;Fixed for non-transactional behavior (purchase required)&apos;" time="0.001">
    <failure message="&#10;The following 2 assertions failed:&#10;1) [The EffectiveDate value is: ] expected:&lt;&quot;2017-12-12T[12]:00:00.000&quot;&gt; but was:&lt;&quot;2017-12-12T[00]:00:00.000&quot;&gt;&#10;2) [The ExpirationDate value is: ] expected:&lt;&quot;2017-12-13T[12]:00:00.000&quot;&gt; but was:&lt;&quot;2017-12-13T[00]:00:00.000&quot;&gt;&#10;" type="org.assertj.core.api.SoftAssertionError"><![CDATA[org.assertj.core.api.SoftAssertionError: 

The following 2 assertions failed:
1) [The EffectiveDate value is: ] expected:<"2017-12-12T[12]:00:00.000"> but was:<"2017-12-12T[00]:00:00.000">
2) [The ExpirationDate value is: ] expected:<"2017-12-13T[12]:00:00.000"> but was:<"2017-12-13T[00]:00:00.000">

]]></failure>
  </testcase>
  <testcase name="And I Retrieve offer(Scenario: Verify offer type and event type in offer response for event type &apos;CC Enroll&apos; and offer type &apos;Fixed for non-transactional behavior " classname="And I Retrieve offer(Scenario: Verify offer type and event type in offer response for event type &apos;CC Enroll&apos; and offer type &apos;Fixed for non-transactional behavior (purchase required)&apos;)" time="0">
    <skipped/>
  </testcase>
  <testcase name="And I update offer status(Scenario: Verify offer type and event type in offer response for event type &apos;CC Enroll&apos; and offer type &apos;Fixed for non-transactional behavior " classname="And I update offer status(Scenario: Verify offer type and event type in offer response for event type &apos;CC Enroll&apos; and offer type &apos;Fixed for non-transactional behavior (purchase required)&apos;)" time="0">
    <skipped/>
  </testcase>
  <testcase name="And I update offer status(Scenario: Verify offer type and event type in offer response for event type &apos;CC Enroll&apos; and offer type &apos;Fixed for non-transactional behavior " classname="And I update offer status(Scenario: Verify offer type and event type in offer response for event type &apos;CC Enroll&apos; and offer type &apos;Fixed for non-transactional behavior (purchase required)&apos;)" time="0">
    <skipped/>
  </testcase>
  <testcase name="And I Delete offer(Scenario: Verify offer type and event type in offer response for event type &apos;CC Enroll&apos; and offer type &apos;Fixed for non-transactional behavior " classname="And I Delete offer(Scenario: Verify offer type and event type in offer response for event type &apos;CC Enroll&apos; and offer type &apos;Fixed for non-transactional behavior (purchase required)&apos;)" time="0">
    <skipped/>
  </testcase>
  <testcase name="Given I Create Offer(Scenario: Verify offer type and event type in offer response for event type &apos;Loyalty Enroll&apos; and offer type &apos;Fixed for non-transactional behavior " classname="Given I Create Offer(Scenario: Verify offer type and event type in offer response for event type &apos;Loyalty Enroll&apos; and offer type &apos;Fixed for non-transactional behavior (purchase required)&apos;)" time="0"/>
  <testcase name="Then I Verify Offer Response(Scenario: Verify offer type and event type in offer response for event type &apos;Loyalty Enroll&apos; and offer type &apos;Fixed for non-transactional behavior " classname="Then I Verify Offer Response(Scenario: Verify offer type and event type in offer response for event type &apos;Loyalty Enroll&apos; and offer type &apos;Fixed for non-transactional behavior (purchase required)&apos;)" time="0">
    <failure message="&#10;The following 2 assertions failed:&#10;1) [The EffectiveDate value is: ] expected:&lt;&quot;2017-12-12T[12]:00:00.000&quot;&gt; but was:&lt;&quot;2017-12-12T[00]:00:00.000&quot;&gt;&#10;2) [The ExpirationDate value is: ] expected:&lt;&quot;2017-12-13T[12]:00:00.000&quot;&gt; but was:&lt;&quot;2017-12-13T[00]:00:00.000&quot;&gt;&#10;" type="org.assertj.core.api.SoftAssertionError"><![CDATA[org.assertj.core.api.SoftAssertionError: 

The following 2 assertions failed:
1) [The EffectiveDate value is: ] expected:<"2017-12-12T[12]:00:00.000"> but was:<"2017-12-12T[00]:00:00.000">
2) [The ExpirationDate value is: ] expected:<"2017-12-13T[12]:00:00.000"> but was:<"2017-12-13T[00]:00:00.000">

]]></failure>
    <system-out><![CDATA[TR=2018-01-02 18:54:21,158|INFO|com.macys.marketing.loyalty.LtyIntegrationTest.steps.offetool.StepDefinition|Start of method :: createOffer
]]></system-out>
  </testcase>
  <testcase name="Then I Verify Offer Response(Scenario: Verify offer type and event type in offer response for event type &apos;Loyalty Enroll&apos; and offer type &apos;Fixed for non-transactional behavior " classname="Then I Verify Offer Response(Scenario: Verify offer type and event type in offer response for event type &apos;Loyalty Enroll&apos; and offer type &apos;Fixed for non-transactional behavior (purchase required)&apos;)" time="0">
    <skipped/>
  </testcase>
  <testcase name="Scenario: Verify offer type and event type in offer response for event type &apos;Loyalty Enroll&apos; and offer type &apos;Fixed for non-transactional behavior " classname="Scenario: Verify offer type and event type in offer response for event type &apos;Loyalty Enroll&apos; and offer type &apos;Fixed for non-transactional behavior (purchase required)&apos;" time="0">
    <failure message="&#10;The following 2 assertions failed:&#10;1) [The EffectiveDate value is: ] expected:&lt;&quot;2017-12-12T[12]:00:00.000&quot;&gt; but was:&lt;&quot;2017-12-12T[00]:00:00.000&quot;&gt;&#10;2) [The ExpirationDate value is: ] expected:&lt;&quot;2017-12-13T[12]:00:00.000&quot;&gt; but was:&lt;&quot;2017-12-13T[00]:00:00.000&quot;&gt;&#10;" type="org.assertj.core.api.SoftAssertionError"><![CDATA[org.assertj.core.api.SoftAssertionError: 

The following 2 assertions failed:
1) [The EffectiveDate value is: ] expected:<"2017-12-12T[12]:00:00.000"> but was:<"2017-12-12T[00]:00:00.000">
2) [The ExpirationDate value is: ] expected:<"2017-12-13T[12]:00:00.000"> but was:<"2017-12-13T[00]:00:00.000">

]]></failure>
  </testcase>
  <testcase name="And I Retrieve offer(Scenario: Verify offer type and event type in offer response for event type &apos;Loyalty Enroll&apos; and offer type &apos;Fixed for non-transactional behavior " classname="And I Retrieve offer(Scenario: Verify offer type and event type in offer response for event type &apos;Loyalty Enroll&apos; and offer type &apos;Fixed for non-transactional behavior (purchase required)&apos;)" time="0">
    <skipped/>
  </testcase>
  <testcase name="And I update offer status(Scenario: Verify offer type and event type in offer response for event type &apos;Loyalty Enroll&apos; and offer type &apos;Fixed for non-transactional behavior " classname="And I update offer status(Scenario: Verify offer type and event type in offer response for event type &apos;Loyalty Enroll&apos; and offer type &apos;Fixed for non-transactional behavior (purchase required)&apos;)" time="0">
    <skipped/>
  </testcase>
  <testcase name="And I update offer status(Scenario: Verify offer type and event type in offer response for event type &apos;Loyalty Enroll&apos; and offer type &apos;Fixed for non-transactional behavior " classname="And I update offer status(Scenario: Verify offer type and event type in offer response for event type &apos;Loyalty Enroll&apos; and offer type &apos;Fixed for non-transactional behavior (purchase required)&apos;)" time="0">
    <skipped/>
  </testcase>
  <testcase name="And I Delete offer(Scenario: Verify offer type and event type in offer response for event type &apos;Loyalty Enroll&apos; and offer type &apos;Fixed for non-transactional behavior " classname="And I Delete offer(Scenario: Verify offer type and event type in offer response for event type &apos;Loyalty Enroll&apos; and offer type &apos;Fixed for non-transactional behavior (purchase required)&apos;)" time="0">
    <skipped/>
  </testcase>
  <testcase name="Given I Create Offer(Scenario: Verify offer type and event type in offer response for event type &apos;Email add&apos; and offer type &apos;Fixed for non-transactional behavior " classname="Given I Create Offer(Scenario: Verify offer type and event type in offer response for event type &apos;Email add&apos; and offer type &apos;Fixed for non-transactional behavior (purchase required)&apos;)" time="0"/>
  <testcase name="Then I Verify Offer Response(Scenario: Verify offer type and event type in offer response for event type &apos;Email add&apos; and offer type &apos;Fixed for non-transactional behavior " classname="Then I Verify Offer Response(Scenario: Verify offer type and event type in offer response for event type &apos;Email add&apos; and offer type &apos;Fixed for non-transactional behavior (purchase required)&apos;)" time="0">
    <failure message="&#10;The following 2 assertions failed:&#10;1) [The EffectiveDate value is: ] expected:&lt;&quot;2017-12-12T[12]:00:00.000&quot;&gt; but was:&lt;&quot;2017-12-12T[00]:00:00.000&quot;&gt;&#10;2) [The ExpirationDate value is: ] expected:&lt;&quot;2017-12-13T[12]:00:00.000&quot;&gt; but was:&lt;&quot;2017-12-13T[00]:00:00.000&quot;&gt;&#10;" type="org.assertj.core.api.SoftAssertionError"><![CDATA[org.assertj.core.api.SoftAssertionError: 

The following 2 assertions failed:
1) [The EffectiveDate value is: ] expected:<"2017-12-12T[12]:00:00.000"> but was:<"2017-12-12T[00]:00:00.000">
2) [The ExpirationDate value is: ] expected:<"2017-12-13T[12]:00:00.000"> but was:<"2017-12-13T[00]:00:00.000">

]]></failure>
    <system-out><![CDATA[TR=2018-01-02 18:54:21,900|INFO|com.macys.marketing.loyalty.LtyIntegrationTest.steps.offetool.StepDefinition|Start of method :: createOffer
]]></system-out>
  </testcase>
  <testcase name="Then I Verify Offer Response(Scenario: Verify offer type and event type in offer response for event type &apos;Email add&apos; and offer type &apos;Fixed for non-transactional behavior " classname="Then I Verify Offer Response(Scenario: Verify offer type and event type in offer response for event type &apos;Email add&apos; and offer type &apos;Fixed for non-transactional behavior (purchase required)&apos;)" time="0">
    <skipped/>
  </testcase>
  <testcase name="Scenario: Verify offer type and event type in offer response for event type &apos;Email add&apos; and offer type &apos;Fixed for non-transactional behavior " classname="Scenario: Verify offer type and event type in offer response for event type &apos;Email add&apos; and offer type &apos;Fixed for non-transactional behavior (purchase required)&apos;" time="0.001">
    <failure message="&#10;The following 2 assertions failed:&#10;1) [The EffectiveDate value is: ] expected:&lt;&quot;2017-12-12T[12]:00:00.000&quot;&gt; but was:&lt;&quot;2017-12-12T[00]:00:00.000&quot;&gt;&#10;2) [The ExpirationDate value is: ] expected:&lt;&quot;2017-12-13T[12]:00:00.000&quot;&gt; but was:&lt;&quot;2017-12-13T[00]:00:00.000&quot;&gt;&#10;" type="org.assertj.core.api.SoftAssertionError"><![CDATA[org.assertj.core.api.SoftAssertionError: 

The following 2 assertions failed:
1) [The EffectiveDate value is: ] expected:<"2017-12-12T[12]:00:00.000"> but was:<"2017-12-12T[00]:00:00.000">
2) [The ExpirationDate value is: ] expected:<"2017-12-13T[12]:00:00.000"> but was:<"2017-12-13T[00]:00:00.000">

]]></failure>
  </testcase>
  <testcase name="And I Retrieve offer(Scenario: Verify offer type and event type in offer response for event type &apos;Email add&apos; and offer type &apos;Fixed for non-transactional behavior " classname="And I Retrieve offer(Scenario: Verify offer type and event type in offer response for event type &apos;Email add&apos; and offer type &apos;Fixed for non-transactional behavior (purchase required)&apos;)" time="0">
    <skipped/>
  </testcase>
  <testcase name="And I update offer status(Scenario: Verify offer type and event type in offer response for event type &apos;Email add&apos; and offer type &apos;Fixed for non-transactional behavior " classname="And I update offer status(Scenario: Verify offer type and event type in offer response for event type &apos;Email add&apos; and offer type &apos;Fixed for non-transactional behavior (purchase required)&apos;)" time="0">
    <skipped/>
  </testcase>
  <testcase name="And I update offer status(Scenario: Verify offer type and event type in offer response for event type &apos;Email add&apos; and offer type &apos;Fixed for non-transactional behavior " classname="And I update offer status(Scenario: Verify offer type and event type in offer response for event type &apos;Email add&apos; and offer type &apos;Fixed for non-transactional behavior (purchase required)&apos;)" time="0">
    <skipped/>
  </testcase>
  <testcase name="And I Delete offer(Scenario: Verify offer type and event type in offer response for event type &apos;Email add&apos; and offer type &apos;Fixed for non-transactional behavior " classname="And I Delete offer(Scenario: Verify offer type and event type in offer response for event type &apos;Email add&apos; and offer type &apos;Fixed for non-transactional behavior (purchase required)&apos;)" time="0">
    <skipped/>
  </testcase>
  <testcase name="Given I Create Offer(Scenario: Verify offer type and event type in offer response for event type &apos;Tier upgrade&apos; and offer type &apos;Fixed for non-transactional behavior " classname="Given I Create Offer(Scenario: Verify offer type and event type in offer response for event type &apos;Tier upgrade&apos; and offer type &apos;Fixed for non-transactional behavior (purchase required)&apos;)" time="0"/>
  <testcase name="Then I Verify Offer Response(Scenario: Verify offer type and event type in offer response for event type &apos;Tier upgrade&apos; and offer type &apos;Fixed for non-transactional behavior " classname="Then I Verify Offer Response(Scenario: Verify offer type and event type in offer response for event type &apos;Tier upgrade&apos; and offer type &apos;Fixed for non-transactional behavior (purchase required)&apos;)" time="0">
    <failure message="&#10;The following 2 assertions failed:&#10;1) [The EffectiveDate value is: ] expected:&lt;&quot;2017-12-12T[12]:00:00.000&quot;&gt; but was:&lt;&quot;2017-12-12T[00]:00:00.000&quot;&gt;&#10;2) [The ExpirationDate value is: ] expected:&lt;&quot;2017-12-13T[12]:00:00.000&quot;&gt; but was:&lt;&quot;2017-12-13T[00]:00:00.000&quot;&gt;&#10;" type="org.assertj.core.api.SoftAssertionError"><![CDATA[org.assertj.core.api.SoftAssertionError: 

The following 2 assertions failed:
1) [The EffectiveDate value is: ] expected:<"2017-12-12T[12]:00:00.000"> but was:<"2017-12-12T[00]:00:00.000">
2) [The ExpirationDate value is: ] expected:<"2017-12-13T[12]:00:00.000"> but was:<"2017-12-13T[00]:00:00.000">

]]></failure>
    <system-out><![CDATA[TR=2018-01-02 18:54:22,669|INFO|com.macys.marketing.loyalty.LtyIntegrationTest.steps.offetool.StepDefinition|Start of method :: createOffer
]]></system-out>
  </testcase>
  <testcase name="Then I Verify Offer Response(Scenario: Verify offer type and event type in offer response for event type &apos;Tier upgrade&apos; and offer type &apos;Fixed for non-transactional behavior " classname="Then I Verify Offer Response(Scenario: Verify offer type and event type in offer response for event type &apos;Tier upgrade&apos; and offer type &apos;Fixed for non-transactional behavior (purchase required)&apos;)" time="0">
    <skipped/>
  </testcase>
  <testcase name="Scenario: Verify offer type and event type in offer response for event type &apos;Tier upgrade&apos; and offer type &apos;Fixed for non-transactional behavior " classname="Scenario: Verify offer type and event type in offer response for event type &apos;Tier upgrade&apos; and offer type &apos;Fixed for non-transactional behavior (purchase required)&apos;" time="0.001">
    <failure message="&#10;The following 2 assertions failed:&#10;1) [The EffectiveDate value is: ] expected:&lt;&quot;2017-12-12T[12]:00:00.000&quot;&gt; but was:&lt;&quot;2017-12-12T[00]:00:00.000&quot;&gt;&#10;2) [The ExpirationDate value is: ] expected:&lt;&quot;2017-12-13T[12]:00:00.000&quot;&gt; but was:&lt;&quot;2017-12-13T[00]:00:00.000&quot;&gt;&#10;" type="org.assertj.core.api.SoftAssertionError"><![CDATA[org.assertj.core.api.SoftAssertionError: 

The following 2 assertions failed:
1) [The EffectiveDate value is: ] expected:<"2017-12-12T[12]:00:00.000"> but was:<"2017-12-12T[00]:00:00.000">
2) [The ExpirationDate value is: ] expected:<"2017-12-13T[12]:00:00.000"> but was:<"2017-12-13T[00]:00:00.000">

]]></failure>
  </testcase>
  <testcase name="And I Retrieve offer(Scenario: Verify offer type and event type in offer response for event type &apos;Tier upgrade&apos; and offer type &apos;Fixed for non-transactional behavior " classname="And I Retrieve offer(Scenario: Verify offer type and event type in offer response for event type &apos;Tier upgrade&apos; and offer type &apos;Fixed for non-transactional behavior (purchase required)&apos;)" time="0">
    <skipped/>
  </testcase>
  <testcase name="And I update offer status(Scenario: Verify offer type and event type in offer response for event type &apos;Tier upgrade&apos; and offer type &apos;Fixed for non-transactional behavior " classname="And I update offer status(Scenario: Verify offer type and event type in offer response for event type &apos;Tier upgrade&apos; and offer type &apos;Fixed for non-transactional behavior (purchase required)&apos;)" time="0">
    <skipped/>
  </testcase>
  <testcase name="And I update offer status(Scenario: Verify offer type and event type in offer response for event type &apos;Tier upgrade&apos; and offer type &apos;Fixed for non-transactional behavior " classname="And I update offer status(Scenario: Verify offer type and event type in offer response for event type &apos;Tier upgrade&apos; and offer type &apos;Fixed for non-transactional behavior (purchase required)&apos;)" time="0">
    <skipped/>
  </testcase>
  <testcase name="And I Delete offer(Scenario: Verify offer type and event type in offer response for event type &apos;Tier upgrade&apos; and offer type &apos;Fixed for non-transactional behavior " classname="And I Delete offer(Scenario: Verify offer type and event type in offer response for event type &apos;Tier upgrade&apos; and offer type &apos;Fixed for non-transactional behavior (purchase required)&apos;)" time="0">
    <skipped/>
  </testcase>
  <testcase name="Given I Create Offer(Scenario: Verify offer type and event type in offer response for event type &apos;CC Enroll&apos; and offer type &apos;Multiplier for non-transactional behavior " classname="Given I Create Offer(Scenario: Verify offer type and event type in offer response for event type &apos;CC Enroll&apos; and offer type &apos;Multiplier for non-transactional behavior (purchase required))&apos;)" time="0"/>
  <testcase name="Then I Verify Offer Response(Scenario: Verify offer type and event type in offer response for event type &apos;CC Enroll&apos; and offer type &apos;Multiplier for non-transactional behavior " classname="Then I Verify Offer Response(Scenario: Verify offer type and event type in offer response for event type &apos;CC Enroll&apos; and offer type &apos;Multiplier for non-transactional behavior (purchase required))&apos;)" time="0">
    <failure message="&#10;The following 2 assertions failed:&#10;1) [The EffectiveDate value is: ] expected:&lt;&quot;2017-12-12T[12]:00:00.000&quot;&gt; but was:&lt;&quot;2017-12-12T[00]:00:00.000&quot;&gt;&#10;2) [The ExpirationDate value is: ] expected:&lt;&quot;2017-12-13T[12]:00:00.000&quot;&gt; but was:&lt;&quot;2017-12-13T[00]:00:00.000&quot;&gt;&#10;" type="org.assertj.core.api.SoftAssertionError"><![CDATA[org.assertj.core.api.SoftAssertionError: 

The following 2 assertions failed:
1) [The EffectiveDate value is: ] expected:<"2017-12-12T[12]:00:00.000"> but was:<"2017-12-12T[00]:00:00.000">
2) [The ExpirationDate value is: ] expected:<"2017-12-13T[12]:00:00.000"> but was:<"2017-12-13T[00]:00:00.000">

]]></failure>
    <system-out><![CDATA[TR=2018-01-02 18:54:23,498|INFO|com.macys.marketing.loyalty.LtyIntegrationTest.steps.offetool.StepDefinition|Start of method :: createOffer
]]></system-out>
  </testcase>
  <testcase name="Then I Verify Offer Response(Scenario: Verify offer type and event type in offer response for event type &apos;CC Enroll&apos; and offer type &apos;Multiplier for non-transactional behavior " classname="Then I Verify Offer Response(Scenario: Verify offer type and event type in offer response for event type &apos;CC Enroll&apos; and offer type &apos;Multiplier for non-transactional behavior (purchase required))&apos;)" time="0">
    <skipped/>
  </testcase>
  <testcase name="Scenario: Verify offer type and event type in offer response for event type &apos;CC Enroll&apos; and offer type &apos;Multiplier for non-transactional behavior " classname="Scenario: Verify offer type and event type in offer response for event type &apos;CC Enroll&apos; and offer type &apos;Multiplier for non-transactional behavior (purchase required))&apos;" time="0">
    <failure message="&#10;The following 2 assertions failed:&#10;1) [The EffectiveDate value is: ] expected:&lt;&quot;2017-12-12T[12]:00:00.000&quot;&gt; but was:&lt;&quot;2017-12-12T[00]:00:00.000&quot;&gt;&#10;2) [The ExpirationDate value is: ] expected:&lt;&quot;2017-12-13T[12]:00:00.000&quot;&gt; but was:&lt;&quot;2017-12-13T[00]:00:00.000&quot;&gt;&#10;" type="org.assertj.core.api.SoftAssertionError"><![CDATA[org.assertj.core.api.SoftAssertionError: 

The following 2 assertions failed:
1) [The EffectiveDate value is: ] expected:<"2017-12-12T[12]:00:00.000"> but was:<"2017-12-12T[00]:00:00.000">
2) [The ExpirationDate value is: ] expected:<"2017-12-13T[12]:00:00.000"> but was:<"2017-12-13T[00]:00:00.000">

]]></failure>
  </testcase>
  <testcase name="And I Retrieve offer(Scenario: Verify offer type and event type in offer response for event type &apos;CC Enroll&apos; and offer type &apos;Multiplier for non-transactional behavior " classname="And I Retrieve offer(Scenario: Verify offer type and event type in offer response for event type &apos;CC Enroll&apos; and offer type &apos;Multiplier for non-transactional behavior (purchase required))&apos;)" time="0">
    <skipped/>
  </testcase>
  <testcase name="And I update offer status(Scenario: Verify offer type and event type in offer response for event type &apos;CC Enroll&apos; and offer type &apos;Multiplier for non-transactional behavior " classname="And I update offer status(Scenario: Verify offer type and event type in offer response for event type &apos;CC Enroll&apos; and offer type &apos;Multiplier for non-transactional behavior (purchase required))&apos;)" time="0">
    <skipped/>
  </testcase>
  <testcase name="And I update offer status(Scenario: Verify offer type and event type in offer response for event type &apos;CC Enroll&apos; and offer type &apos;Multiplier for non-transactional behavior " classname="And I update offer status(Scenario: Verify offer type and event type in offer response for event type &apos;CC Enroll&apos; and offer type &apos;Multiplier for non-transactional behavior (purchase required))&apos;)" time="0">
    <skipped/>
  </testcase>
  <testcase name="And I Delete offer(Scenario: Verify offer type and event type in offer response for event type &apos;CC Enroll&apos; and offer type &apos;Multiplier for non-transactional behavior " classname="And I Delete offer(Scenario: Verify offer type and event type in offer response for event type &apos;CC Enroll&apos; and offer type &apos;Multiplier for non-transactional behavior (purchase required))&apos;)" time="0">
    <skipped/>
  </testcase>
  <testcase name="Given I Create Offer(Scenario: Verify offer type and event type in offer response for event type &apos;Loyalty Enroll&apos; and offer type &apos;Multiplier for non-transactional behavior " classname="Given I Create Offer(Scenario: Verify offer type and event type in offer response for event type &apos;Loyalty Enroll&apos; and offer type &apos;Multiplier for non-transactional behavior (purchase required))&apos;)" time="0"/>
  <testcase name="Then I Verify Offer Response(Scenario: Verify offer type and event type in offer response for event type &apos;Loyalty Enroll&apos; and offer type &apos;Multiplier for non-transactional behavior " classname="Then I Verify Offer Response(Scenario: Verify offer type and event type in offer response for event type &apos;Loyalty Enroll&apos; and offer type &apos;Multiplier for non-transactional behavior (purchase required))&apos;)" time="0">
    <failure message="&#10;The following 2 assertions failed:&#10;1) [The EffectiveDate value is: ] expected:&lt;&quot;2017-12-12T[12]:00:00.000&quot;&gt; but was:&lt;&quot;2017-12-12T[00]:00:00.000&quot;&gt;&#10;2) [The ExpirationDate value is: ] expected:&lt;&quot;2017-12-13T[12]:00:00.000&quot;&gt; but was:&lt;&quot;2017-12-13T[00]:00:00.000&quot;&gt;&#10;" type="org.assertj.core.api.SoftAssertionError"><![CDATA[org.assertj.core.api.SoftAssertionError: 

The following 2 assertions failed:
1) [The EffectiveDate value is: ] expected:<"2017-12-12T[12]:00:00.000"> but was:<"2017-12-12T[00]:00:00.000">
2) [The ExpirationDate value is: ] expected:<"2017-12-13T[12]:00:00.000"> but was:<"2017-12-13T[00]:00:00.000">

]]></failure>
    <system-out><![CDATA[TR=2018-01-02 18:54:24,188|INFO|com.macys.marketing.loyalty.LtyIntegrationTest.steps.offetool.StepDefinition|Start of method :: createOffer
]]></system-out>
  </testcase>
  <testcase name="Then I Verify Offer Response(Scenario: Verify offer type and event type in offer response for event type &apos;Loyalty Enroll&apos; and offer type &apos;Multiplier for non-transactional behavior " classname="Then I Verify Offer Response(Scenario: Verify offer type and event type in offer response for event type &apos;Loyalty Enroll&apos; and offer type &apos;Multiplier for non-transactional behavior (purchase required))&apos;)" time="0">
    <skipped/>
  </testcase>
  <testcase name="Scenario: Verify offer type and event type in offer response for event type &apos;Loyalty Enroll&apos; and offer type &apos;Multiplier for non-transactional behavior " classname="Scenario: Verify offer type and event type in offer response for event type &apos;Loyalty Enroll&apos; and offer type &apos;Multiplier for non-transactional behavior (purchase required))&apos;" time="0.001">
    <failure message="&#10;The following 2 assertions failed:&#10;1) [The EffectiveDate value is: ] expected:&lt;&quot;2017-12-12T[12]:00:00.000&quot;&gt; but was:&lt;&quot;2017-12-12T[00]:00:00.000&quot;&gt;&#10;2) [The ExpirationDate value is: ] expected:&lt;&quot;2017-12-13T[12]:00:00.000&quot;&gt; but was:&lt;&quot;2017-12-13T[00]:00:00.000&quot;&gt;&#10;" type="org.assertj.core.api.SoftAssertionError"><![CDATA[org.assertj.core.api.SoftAssertionError: 

The following 2 assertions failed:
1) [The EffectiveDate value is: ] expected:<"2017-12-12T[12]:00:00.000"> but was:<"2017-12-12T[00]:00:00.000">
2) [The ExpirationDate value is: ] expected:<"2017-12-13T[12]:00:00.000"> but was:<"2017-12-13T[00]:00:00.000">

]]></failure>
  </testcase>
  <testcase name="And I Retrieve offer(Scenario: Verify offer type and event type in offer response for event type &apos;Loyalty Enroll&apos; and offer type &apos;Multiplier for non-transactional behavior " classname="And I Retrieve offer(Scenario: Verify offer type and event type in offer response for event type &apos;Loyalty Enroll&apos; and offer type &apos;Multiplier for non-transactional behavior (purchase required))&apos;)" time="0">
    <skipped/>
  </testcase>
  <testcase name="And I update offer status(Scenario: Verify offer type and event type in offer response for event type &apos;Loyalty Enroll&apos; and offer type &apos;Multiplier for non-transactional behavior " classname="And I update offer status(Scenario: Verify offer type and event type in offer response for event type &apos;Loyalty Enroll&apos; and offer type &apos;Multiplier for non-transactional behavior (purchase required))&apos;)" time="0">
    <skipped/>
  </testcase>
  <testcase name="And I update offer status(Scenario: Verify offer type and event type in offer response for event type &apos;Loyalty Enroll&apos; and offer type &apos;Multiplier for non-transactional behavior " classname="And I update offer status(Scenario: Verify offer type and event type in offer response for event type &apos;Loyalty Enroll&apos; and offer type &apos;Multiplier for non-transactional behavior (purchase required))&apos;)" time="0">
    <skipped/>
  </testcase>
  <testcase name="And I Delete offer(Scenario: Verify offer type and event type in offer response for event type &apos;Loyalty Enroll&apos; and offer type &apos;Multiplier for non-transactional behavior " classname="And I Delete offer(Scenario: Verify offer type and event type in offer response for event type &apos;Loyalty Enroll&apos; and offer type &apos;Multiplier for non-transactional behavior (purchase required))&apos;)" time="0">
    <skipped/>
  </testcase>
  <testcase name="Given I Create Offer(Scenario: Verify offer type and event type in offer response for event type &apos;Email add&apos; and offer type &apos;Multiplier for non-transactional behavior " classname="Given I Create Offer(Scenario: Verify offer type and event type in offer response for event type &apos;Email add&apos; and offer type &apos;Multiplier for non-transactional behavior (purchase required))&apos;)" time="0"/>
  <testcase name="Then I Verify Offer Response(Scenario: Verify offer type and event type in offer response for event type &apos;Email add&apos; and offer type &apos;Multiplier for non-transactional behavior " classname="Then I Verify Offer Response(Scenario: Verify offer type and event type in offer response for event type &apos;Email add&apos; and offer type &apos;Multiplier for non-transactional behavior (purchase required))&apos;)" time="0">
    <failure message="&#10;The following 2 assertions failed:&#10;1) [The EffectiveDate value is: ] expected:&lt;&quot;2017-12-12T[12]:00:00.000&quot;&gt; but was:&lt;&quot;2017-12-12T[00]:00:00.000&quot;&gt;&#10;2) [The ExpirationDate value is: ] expected:&lt;&quot;2017-12-13T[12]:00:00.000&quot;&gt; but was:&lt;&quot;2017-12-13T[00]:00:00.000&quot;&gt;&#10;" type="org.assertj.core.api.SoftAssertionError"><![CDATA[org.assertj.core.api.SoftAssertionError: 

The following 2 assertions failed:
1) [The EffectiveDate value is: ] expected:<"2017-12-12T[12]:00:00.000"> but was:<"2017-12-12T[00]:00:00.000">
2) [The ExpirationDate value is: ] expected:<"2017-12-13T[12]:00:00.000"> but was:<"2017-12-13T[00]:00:00.000">

]]></failure>
    <system-out><![CDATA[TR=2018-01-02 18:54:24,955|INFO|com.macys.marketing.loyalty.LtyIntegrationTest.steps.offetool.StepDefinition|Start of method :: createOffer
]]></system-out>
  </testcase>
[...]
    <skipped/>
  </testcase>
  <testcase name="Given I Create Offer" classname="Scenario: Verify sorting of GMM&apos;s in viewoffer response when all products are selected" time="0"/>
  <testcase name="Then I Verify Offer Response" classname="Scenario: Verify sorting of GMM&apos;s in viewoffer response when all products are selected" time="0"/>
  <testcase name="Then I Verify Offer Response" classname="Scenario: Verify sorting of GMM&apos;s in viewoffer response when all products are selected" time="0"/>
  <testcase name="And I Retrieve offer" classname="Scenario: Verify sorting of GMM&apos;s in viewoffer response when all products are selected" time="0"/>
  <testcase name="And I update offer status" classname="Scenario: Verify sorting of GMM&apos;s in viewoffer response when all products are selected" time="0"/>
  <testcase name="And I Delete offer" classname="Scenario: Verify sorting of GMM&apos;s in viewoffer response when all products are selected" time="0"/>
  <testcase name="Scenario: Verify sorting of GMM&apos;s in viewoffer response when all products are selected" classname="Scenario: Verify sorting of GMM&apos;s in viewoffer response when all products are selected" time="0"/>
  <testcase name="Given I Create Offer" classname="Scenario: Verify sorting of GMM&apos;s in viewoffer response when few products are selected" time="0"/>
  <testcase name="Then I Verify Offer Response" classname="Scenario: Verify sorting of GMM&apos;s in viewoffer response when few products are selected" time="0"/>
  <testcase name="And I Retrieve offer" classname="Scenario: Verify sorting of GMM&apos;s in viewoffer response when few products are selected" time="0"/>
  <testcase name="And I update offer status" classname="Scenario: Verify sorting of GMM&apos;s in viewoffer response when few products are selected" time="0"/>
  <testcase name="And I Delete offer" classname="Scenario: Verify sorting of GMM&apos;s in viewoffer response when few products are selected" time="0"/>
  <testcase name="Scenario: Verify sorting of GMM&apos;s in viewoffer response when few products are selected" classname="Scenario: Verify sorting of GMM&apos;s in viewoffer response when few products are selected" time="0"/>
  <testcase name="Given I Create Offer" classname="Scenario: Verify sorting of GMM&apos;s in viewoffer response when GMMs,Divisions and Dept class are selected" time="0"/>
  <testcase name="Then I Verify Offer Response" classname="Scenario: Verify sorting of GMM&apos;s in viewoffer response when GMMs,Divisions and Dept class are selected" time="0"/>
  <testcase name="And I Retrieve offer" classname="Scenario: Verify sorting of GMM&apos;s in viewoffer response when GMMs,Divisions and Dept class are selected" time="0"/>
  <testcase name="And I update offer status" classname="Scenario: Verify sorting of GMM&apos;s in viewoffer response when GMMs,Divisions and Dept class are selected" time="0"/>
  <testcase name="And I Delete offer" classname="Scenario: Verify sorting of GMM&apos;s in viewoffer response when GMMs,Divisions and Dept class are selected" time="0"/>
  <testcase name="Scenario: Verify sorting of GMM&apos;s in viewoffer response when GMMs,Divisions and Dept class are selected" classname="Scenario: Verify sorting of GMM&apos;s in viewoffer response when GMMs,Divisions and Dept class are selected" time="0"/>
  <testcase name="Given I Create Offer" classname="Scenario: Verify sorting of GMM&apos;s in viewoffer response when GMMs,Divisions and Dept VendorMarkStyle are selected" time="0"/>
  <testcase name="Then I Verify Offer Response" classname="Scenario: Verify sorting of GMM&apos;s in viewoffer response when GMMs,Divisions and Dept VendorMarkStyle are selected" time="0"/>
  <testcase name="And I Retrieve offer" classname="Scenario: Verify sorting of GMM&apos;s in viewoffer response when GMMs,Divisions and Dept VendorMarkStyle are selected" time="0"/>
  <testcase name="And I update offer status" classname="Scenario: Verify sorting of GMM&apos;s in viewoffer response when GMMs,Divisions and Dept VendorMarkStyle are selected" time="0"/>
  <testcase name="And I Delete offer" classname="Scenario: Verify sorting of GMM&apos;s in viewoffer response when GMMs,Divisions and Dept VendorMarkStyle are selected" time="0"/>
  <testcase name="Scenario: Verify sorting of GMM&apos;s in viewoffer response when GMMs,Divisions and Dept VendorMarkStyle are selected" classname="Scenario: Verify sorting of GMM&apos;s in viewoffer response when GMMs,Divisions and Dept VendorMarkStyle are selected" time="0"/>
  <testcase name="Given I Create Offer" classname="Scenario: Verify View offer response when no GMMs are selected" time="0"/>
  <testcase name="Then I Verify Offer Response" classname="Scenario: Verify View offer response when no GMMs are selected" time="0"/>
  <testcase name="And I Retrieve offer" classname="Scenario: Verify View offer response when no GMMs are selected" time="0"/>
  <testcase name="And I update offer status" classname="Scenario: Verify View offer response when no GMMs are selected" time="0"/>
  <testcase name="And I Delete offer" classname="Scenario: Verify View offer response when no GMMs are selected" time="0"/>
  <testcase name="Scenario: Verify View offer response when no GMMs are selected" classname="Scenario: Verify View offer response when no GMMs are selected" time="0"/>
  <testcase name="Given I Create Offer" classname="Scenario: Verify View offer response when tier selected Gold,Platinum and Silver" time="0"/>
  <testcase name="Then I Verify Offer Response" classname="Scenario: Verify View offer response when tier selected Gold,Platinum and Silver" time="0">
    <failure message="&#10;The following 2 assertions failed:&#10;1) [The EffectiveDate value is: ] expected:&lt;&quot;2017-12-11T[12]:00:00.000&quot;&gt; but was:&lt;&quot;2017-12-11T[00]:00:00.000&quot;&gt;&#10;2) [The ExpirationDate value is: ] expected:&lt;&quot;2017-12-26T[11]:59:00.000&quot;&gt; but was:&lt;&quot;2017-12-26T[23]:59:00.000&quot;&gt;&#10;" type="org.assertj.core.api.SoftAssertionError"><![CDATA[org.assertj.core.api.SoftAssertionError: 

The following 2 assertions failed:
1) [The EffectiveDate value is: ] expected:<"2017-12-11T[12]:00:00.000"> but was:<"2017-12-11T[00]:00:00.000">
2) [The ExpirationDate value is: ] expected:<"2017-12-26T[11]:59:00.000"> but was:<"2017-12-26T[23]:59:00.000">

]]></failure>
    <system-out><![CDATA[TR=2018-01-02 18:54:51,454|INFO|com.macys.marketing.loyalty.LtyIntegrationTest.steps.offetool.StepDefinition|Start of method :: createOffer
]]></system-out>
  </testcase>
  <testcase name="Scenario: Verify View offer response when tier selected Gold,Platinum and Silver" classname="Scenario: Verify View offer response when tier selected Gold,Platinum and Silver" time="0">
    <failure message="&#10;The following 2 assertions failed:&#10;1) [The EffectiveDate value is: ] expected:&lt;&quot;2017-12-11T[12]:00:00.000&quot;&gt; but was:&lt;&quot;2017-12-11T[00]:00:00.000&quot;&gt;&#10;2) [The ExpirationDate value is: ] expected:&lt;&quot;2017-12-26T[11]:59:00.000&quot;&gt; but was:&lt;&quot;2017-12-26T[23]:59:00.000&quot;&gt;&#10;" type="org.assertj.core.api.SoftAssertionError"><![CDATA[org.assertj.core.api.SoftAssertionError: 

The following 2 assertions failed:
1) [The EffectiveDate value is: ] expected:<"2017-12-11T[12]:00:00.000"> but was:<"2017-12-11T[00]:00:00.000">
2) [The ExpirationDate value is: ] expected:<"2017-12-26T[11]:59:00.000"> but was:<"2017-12-26T[23]:59:00.000">

]]></failure>
  </testcase>
  <testcase name="And I Retrieve offer" classname="Scenario: Verify View offer response when tier selected Gold,Platinum and Silver" time="0">
    <skipped/>
  </testcase>
  <testcase name="And I update offer status" classname="Scenario: Verify View offer response when tier selected Gold,Platinum and Silver" time="0">
    <skipped/>
  </testcase>
  <testcase name="And I update offer status" classname="Scenario: Verify View offer response when tier selected Gold,Platinum and Silver" time="0">
    <skipped/>
  </testcase>
  <testcase name="And I Delete offer" classname="Scenario: Verify View offer response when tier selected Gold,Platinum and Silver" time="0">
    <skipped/>
  </testcase>
  <testcase name="Given I Create Offer" classname="Scenario: Verify View offer response when tier selected Gold and Silver" time="0"/>
  <testcase name="Then I Verify Offer Response" classname="Scenario: Verify View offer response when tier selected Gold and Silver" time="0">
    <failure message="&#10;The following 2 assertions failed:&#10;1) [The EffectiveDate value is: ] expected:&lt;&quot;2017-12-15T[12]:00:00.000&quot;&gt; but was:&lt;&quot;2017-12-15T[]:00:00.000&quot;&gt;&#10;2) [The ExpirationDate value is: ] expected:&lt;&quot;2017-12-28T[11]:59:00.000&quot;&gt; but was:&lt;&quot;2017-12-28T[23]:59:00.000&quot;&gt;&#10;" type="org.assertj.core.api.SoftAssertionError"><![CDATA[org.assertj.core.api.SoftAssertionError: 

The following 2 assertions failed:
1) [The EffectiveDate value is: ] expected:<"2017-12-15T[12]:00:00.000"> but was:<"2017-12-15T[]:00:00.000">
2) [The ExpirationDate value is: ] expected:<"2017-12-28T[11]:59:00.000"> but was:<"2017-12-28T[23]:59:00.000">

]]></failure>
    <system-out><![CDATA[TR=2018-01-02 18:54:52,485|INFO|com.macys.marketing.loyalty.LtyIntegrationTest.steps.offetool.StepDefinition|Start of method :: createOffer
]]></system-out>
  </testcase>
  <testcase name="Scenario: Verify View offer response when tier selected Gold and Silver" classname="Scenario: Verify View offer response when tier selected Gold and Silver" time="0">
    <failure message="&#10;The following 2 assertions failed:&#10;1) [The EffectiveDate value is: ] expected:&lt;&quot;2017-12-15T[12]:00:00.000&quot;&gt; but was:&lt;&quot;2017-12-15T[]:00:00.000&quot;&gt;&#10;2) [The ExpirationDate value is: ] expected:&lt;&quot;2017-12-28T[11]:59:00.000&quot;&gt; but was:&lt;&quot;2017-12-28T[23]:59:00.000&quot;&gt;&#10;" type="org.assertj.core.api.SoftAssertionError"><![CDATA[org.assertj.core.api.SoftAssertionError: 

The following 2 assertions failed:
1) [The EffectiveDate value is: ] expected:<"2017-12-15T[12]:00:00.000"> but was:<"2017-12-15T[]:00:00.000">
2) [The ExpirationDate value is: ] expected:<"2017-12-28T[11]:59:00.000"> but was:<"2017-12-28T[23]:59:00.000">

]]></failure>
  </testcase>
  <testcase name="And I Retrieve offer" classname="Scenario: Verify View offer response when tier selected Gold and Silver" time="0">
    <skipped/>
  </testcase>
  <testcase name="And I update offer status" classname="Scenario: Verify View offer response when tier selected Gold and Silver" time="0">
    <skipped/>
  </testcase>
  <testcase name="And I update offer status" classname="Scenario: Verify View offer response when tier selected Gold and Silver" time="0">
    <skipped/>
  </testcase>
  <testcase name="And I Delete offer" classname="Scenario: Verify View offer response when tier selected Gold and Silver" time="0">
    <skipped/>
  </testcase>
  <testcase name="Given I Create Offer" classname="Scenario: Verify View offer response when tier selected TopOfTheList" time="0"/>
  <testcase name="Then I Verify Offer Response" classname="Scenario: Verify View offer response when tier selected TopOfTheList" time="0">
    <failure message="&#10;The following 2 assertions failed:&#10;1) [The EffectiveDate value is: ] expected:&lt;&quot;2017-12-11T[12]:00:00.000&quot;&gt; but was:&lt;&quot;2017-12-11T[00]:00:00.000&quot;&gt;&#10;2) [The ExpirationDate value is: ] expected:&lt;&quot;2017-12-31T[11]:59:00.000&quot;&gt; but was:&lt;&quot;2017-12-31T[23]:59:00.000&quot;&gt;&#10;" type="org.assertj.core.api.SoftAssertionError"><![CDATA[org.assertj.core.api.SoftAssertionError: 

The following 2 assertions failed:
1) [The EffectiveDate value is: ] expected:<"2017-12-11T[12]:00:00.000"> but was:<"2017-12-11T[00]:00:00.000">
2) [The ExpirationDate value is: ] expected:<"2017-12-31T[11]:59:00.000"> but was:<"2017-12-31T[23]:59:00.000">

]]></failure>
    <system-out><![CDATA[TR=2018-01-02 18:54:53,251|INFO|com.macys.marketing.loyalty.LtyIntegrationTest.steps.offetool.StepDefinition|Start of method :: createOffer
]]></system-out>
  </testcase>
  <testcase name="Scenario: Verify View offer response when tier selected TopOfTheList" classname="Scenario: Verify View offer response when tier selected TopOfTheList" time="0">
    <failure message="&#10;The following 2 assertions failed:&#10;1) [The EffectiveDate value is: ] expected:&lt;&quot;2017-12-11T[12]:00:00.000&quot;&gt; but was:&lt;&quot;2017-12-11T[00]:00:00.000&quot;&gt;&#10;2) [The ExpirationDate value is: ] expected:&lt;&quot;2017-12-31T[11]:59:00.000&quot;&gt; but was:&lt;&quot;2017-12-31T[23]:59:00.000&quot;&gt;&#10;" type="org.assertj.core.api.SoftAssertionError"><![CDATA[org.assertj.core.api.SoftAssertionError: 

The following 2 assertions failed:
1) [The EffectiveDate value is: ] expected:<"2017-12-11T[12]:00:00.000"> but was:<"2017-12-11T[00]:00:00.000">
2) [The ExpirationDate value is: ] expected:<"2017-12-31T[11]:59:00.000"> but was:<"2017-12-31T[23]:59:00.000">

]]></failure>
  </testcase>
  <testcase name="And I Retrieve offer" classname="Scenario: Verify View offer response when tier selected TopOfTheList" time="0">
    <skipped/>
  </testcase>
  <testcase name="And I update offer status" classname="Scenario: Verify View offer response when tier selected TopOfTheList" time="0">
    <skipped/>
  </testcase>
  <testcase name="And I update offer status" classname="Scenario: Verify View offer response when tier selected TopOfTheList" time="0">
    <skipped/>
  </testcase>
  <testcase name="And I Delete offer" classname="Scenario: Verify View offer response when tier selected TopOfTheList" time="0">
    <skipped/>
  </testcase>
  <testcase name="Given I Create Offer" classname="Scenario: Verify View offer response when tier selected BCCLoyalist" time="0"/>
  <testcase name="Then I Verify Offer Response" classname="Scenario: Verify View offer response when tier selected BCCLoyalist" time="0">
    <failure message="&#10;The following 2 assertions failed:&#10;1) [The EffectiveDate value is: ] expected:&lt;&quot;2017-12-11T[12]:00:00.000&quot;&gt; but was:&lt;&quot;2017-12-11T[00]:00:00.000&quot;&gt;&#10;2) [The ExpirationDate value is: ] expected:&lt;&quot;2017-12-31T[11]:59:00.000&quot;&gt; but was:&lt;&quot;2017-12-31T[23]:59:00.000&quot;&gt;&#10;" type="org.assertj.core.api.SoftAssertionError"><![CDATA[org.assertj.core.api.SoftAssertionError: 

The following 2 assertions failed:
1) [The EffectiveDate value is: ] expected:<"2017-12-11T[12]:00:00.000"> but was:<"2017-12-11T[00]:00:00.000">
2) [The ExpirationDate value is: ] expected:<"2017-12-31T[11]:59:00.000"> but was:<"2017-12-31T[23]:59:00.000">

]]></failure>
    <system-out><![CDATA[TR=2018-01-02 18:54:54,263|INFO|com.macys.marketing.loyalty.LtyIntegrationTest.steps.offetool.StepDefinition|Start of method :: createOffer
]]></system-out>
  </testcase>
  <testcase name="Scenario: Verify View offer response when tier selected BCCLoyalist" classname="Scenario: Verify View offer response when tier selected BCCLoyalist" time="0">
    <failure message="&#10;The following 2 assertions failed:&#10;1) [The EffectiveDate value is: ] expected:&lt;&quot;2017-12-11T[12]:00:00.000&quot;&gt; but was:&lt;&quot;2017-12-11T[00]:00:00.000&quot;&gt;&#10;2) [The ExpirationDate value is: ] expected:&lt;&quot;2017-12-31T[11]:59:00.000&quot;&gt; but was:&lt;&quot;2017-12-31T[23]:59:00.000&quot;&gt;&#10;" type="org.assertj.core.api.SoftAssertionError"><![CDATA[org.assertj.core.api.SoftAssertionError: 

The following 2 assertions failed:
1) [The EffectiveDate value is: ] expected:<"2017-12-11T[12]:00:00.000"> but was:<"2017-12-11T[00]:00:00.000">
2) [The ExpirationDate value is: ] expected:<"2017-12-31T[11]:59:00.000"> but was:<"2017-12-31T[23]:59:00.000">

]]></failure>
  </testcase>
  <testcase name="And I Retrieve offer" classname="Scenario: Verify View offer response when tier selected BCCLoyalist" time="0">
    <skipped/>
  </testcase>
  <testcase name="And I update offer status" classname="Scenario: Verify View offer response when tier selected BCCLoyalist" time="0">
    <skipped/>
  </testcase>
  <testcase name="And I update offer status" classname="Scenario: Verify View offer response when tier selected BCCLoyalist" time="0">
    <skipped/>
  </testcase>
  <testcase name="And I Delete offer" classname="Scenario: Verify View offer response when tier selected BCCLoyalist" time="0">
    <skipped/>
  </testcase>
  <testcase name="Given I Create Offer" classname="Scenario: Verify View offer response when tier selected ThirdPartyLoyalist" time="0"/>
  <testcase name="Then I Verify Offer Response" classname="Scenario: Verify View offer response when tier selected ThirdPartyLoyalist" time="0">
    <failure message="&#10;The following 2 assertions failed:&#10;1) [The EffectiveDate value is: ] expected:&lt;&quot;2017-12-11T[12]:00:00.000&quot;&gt; but was:&lt;&quot;2017-12-11T[00]:00:00.000&quot;&gt;&#10;2) [The ExpirationDate value is: ] expected:&lt;&quot;2017-12-31T[11]:59:00.000&quot;&gt; but was:&lt;&quot;2017-12-31T[23]:59:00.000&quot;&gt;&#10;" type="org.assertj.core.api.SoftAssertionError"><![CDATA[org.assertj.core.api.SoftAssertionError: 

The following 2 assertions failed:
1) [The EffectiveDate value is: ] expected:<"2017-12-11T[12]:00:00.000"> but was:<"2017-12-11T[00]:00:00.000">
2) [The ExpirationDate value is: ] expected:<"2017-12-31T[11]:59:00.000"> but was:<"2017-12-31T[23]:59:00.000">

]]></failure>
    <system-out><![CDATA[TR=2018-01-02 18:54:55,066|INFO|com.macys.marketing.loyalty.LtyIntegrationTest.steps.offetool.StepDefinition|Start of method :: createOffer
]]></system-out>
  </testcase>
  <testcase name="Scenario: Verify View offer response when tier selected ThirdPartyLoyalist" classname="Scenario: Verify View offer response when tier selected ThirdPartyLoyalist" time="0.001">
    <failure message="&#10;The following 2 assertions failed:&#10;1) [The EffectiveDate value is: ] expected:&lt;&quot;2017-12-11T[12]:00:00.000&quot;&gt; but was:&lt;&quot;2017-12-11T[00]:00:00.000&quot;&gt;&#10;2) [The ExpirationDate value is: ] expected:&lt;&quot;2017-12-31T[11]:59:00.000&quot;&gt; but was:&lt;&quot;2017-12-31T[23]:59:00.000&quot;&gt;&#10;" type="org.assertj.core.api.SoftAssertionError"><![CDATA[org.assertj.core.api.SoftAssertionError: 

The following 2 assertions failed:
1) [The EffectiveDate value is: ] expected:<"2017-12-11T[12]:00:00.000"> but was:<"2017-12-11T[00]:00:00.000">
2) [The ExpirationDate value is: ] expected:<"2017-12-31T[11]:59:00.000"> but was:<"2017-12-31T[23]:59:00.000">

]]></failure>
  </testcase>
  <testcase name="And I Retrieve offer" classname="Scenario: Verify View offer response when tier selected ThirdPartyLoyalist" time="0">
    <skipped/>
  </testcase>
  <testcase name="And I update offer status" classname="Scenario: Verify View offer response when tier selected ThirdPartyLoyalist" time="0">
    <skipped/>
  </testcase>
  <testcase name="And I update offer status" classname="Scenario: Verify View offer response when tier selected ThirdPartyLoyalist" time="0">
    <skipped/>
  </testcase>
  <testcase name="And I Delete offer" classname="Scenario: Verify View offer response when tier selected ThirdPartyLoyalist" time="0">
    <skipped/>
  </testcase>
  <testcase name="Given DataBase connection check Test" classname="Scenario: DataBase connection check" time="0"/>
  <testcase name="Scenario: DataBase connection check" classname="Scenario: DataBase connection check" time="0"/>
  <testcase name="Given Tibco connection check Test" classname="Scenario: Tibco connection check" time="0"/>
  <testcase name="Scenario: Tibco connection check" classname="Scenario: Tibco connection check" time="0"/>
</testsuite>