<?xml version="1.0" encoding="UTF-8" ?>
<testsuite tests="24" failures="0" name="examples.ExamplesTest" time="0.062" errors="2" skipped="8">
  <properties>
[...]
</properties>
  <testcase classname="Scenario: get all users and then get the first user by id" name="* url urls.eps" time="0.004"/>
  <testcase classname="Scenario: get all users and then get the first user by id" name="Given path &apos;users&apos;" time="0"/>
  <testcase classname="Scenario: get all users and then get the first user by id" name="When method get" time="0"/>
  <testcase classname="Scenario: get all users and then get the first user by id" name="Then status 200" time="0"/>
  <testcase classname="Scenario: get all users and then get the first user by id" name="* def response = read(&apos;Response.json&apos;)" time="0.004">
    <error message="could not find or read file: Response.json, prefix: NONE" type="com.intuit.karate.exception.KarateFileNotFoundException">com.intuit.karate.exception.KarateFileNotFoundException: could not find or read file: Response.json, prefix: NONE
	at com.intuit.karate.FileUtils.readFileAsString(FileUtils.java:126)
	at com.intuit.karate.FileUtils.readFile(FileUtils.java:99)
	at com.intuit.karate.ScriptBridge.read(ScriptBridge.java:69)
	at jdk.nashorn.internal.scripts.Script$Recompilation$2$14A$\^eval\_.L:1(&lt;eval&gt;:1)
	at jdk.nashorn.internal.scripts.Script$8$\^eval\_.:program(&lt;eval&gt;:1)
	at jdk.nashorn.internal.runtime.ScriptFunctionData.invoke(ScriptFunctionData.java:637)
	at jdk.nashorn.internal.runtime.ScriptFunction.invoke(ScriptFunction.java:494)
	at jdk.nashorn.internal.runtime.ScriptRuntime.apply(ScriptRuntime.java:393)
	at jdk.nashorn.api.scripting.NashornScriptEngine.evalImpl(NashornScriptEngine.java:449)
	at jdk.nashorn.api.scripting.NashornScriptEngine.evalImpl(NashornScriptEngine.java:406)
	at jdk.nashorn.api.scripting.NashornScriptEngine.evalImpl(NashornScriptEngine.java:402)
	at jdk.nashorn.api.scripting.NashornScriptEngine.eval(NashornScriptEngine.java:155)
	at javax.script.AbstractScriptEngine.eval(Unknown Source)
	at com.intuit.karate.ScriptBindings.eval(ScriptBindings.java:139)
	at com.intuit.karate.ScriptBindings.updateBindingsAndEval(ScriptBindings.java:134)
	at com.intuit.karate.ScriptBindings.evalInNashorn(ScriptBindings.java:119)
	at com.intuit.karate.Script.evalJsExpression(Script.java:371)
	at com.intuit.karate.Script.evalKarateExpression(Script.java:285)
	at com.intuit.karate.Script.evalKarateExpression(Script.java:171)
	at com.intuit.karate.Script.assign(Script.java:601)
	at com.intuit.karate.Script.assign(Script.java:527)
	at com.intuit.karate.StepDefs.def(StepDefs.java:309)
	at ✽.* def response = read(&apos;Response.json&apos;)(C:\Users\rgade\RestAssured\karatedemo\target\test-classes\examples\users\users.feature:15)
</error>
  </testcase>
  <testcase classname="Scenario: get all users and then get the first user by id" name="Scenario: get all users and then get the first user by id" time="0.005">
    <error message="could not find or read file: Response.json, prefix: NONE" type="com.intuit.karate.exception.KarateFileNotFoundException">com.intuit.karate.exception.KarateFileNotFoundException: could not find or read file: Response.json, prefix: NONE
	at com.intuit.karate.FileUtils.readFileAsString(FileUtils.java:126)
	at com.intuit.karate.FileUtils.readFile(FileUtils.java:99)
	at com.intuit.karate.ScriptBridge.read(ScriptBridge.java:69)
	at jdk.nashorn.internal.scripts.Script$Recompilation$2$14A$\^eval\_.L:1(&lt;eval&gt;:1)
	at jdk.nashorn.internal.scripts.Script$8$\^eval\_.:program(&lt;eval&gt;:1)
	at jdk.nashorn.internal.runtime.ScriptFunctionData.invoke(ScriptFunctionData.java:637)
	at jdk.nashorn.internal.runtime.ScriptFunction.invoke(ScriptFunction.java:494)
	at jdk.nashorn.internal.runtime.ScriptRuntime.apply(ScriptRuntime.java:393)
	at jdk.nashorn.api.scripting.NashornScriptEngine.evalImpl(NashornScriptEngine.java:449)
	at jdk.nashorn.api.scripting.NashornScriptEngine.evalImpl(NashornScriptEngine.java:406)
	at jdk.nashorn.api.scripting.NashornScriptEngine.evalImpl(NashornScriptEngine.java:402)
	at jdk.nashorn.api.scripting.NashornScriptEngine.eval(NashornScriptEngine.java:155)
	at javax.script.AbstractScriptEngine.eval(Unknown Source)
	at com.intuit.karate.ScriptBindings.eval(ScriptBindings.java:139)
	at com.intuit.karate.ScriptBindings.updateBindingsAndEval(ScriptBindings.java:134)
	at com.intuit.karate.ScriptBindings.evalInNashorn(ScriptBindings.java:119)
	at com.intuit.karate.Script.evalJsExpression(Script.java:371)
	at com.intuit.karate.Script.evalKarateExpression(Script.java:285)
	at com.intuit.karate.Script.evalKarateExpression(Script.java:171)
	at com.intuit.karate.Script.assign(Script.java:601)
	at com.intuit.karate.Script.assign(Script.java:527)
	at com.intuit.karate.StepDefs.def(StepDefs.java:309)
	at ✽.* def response = read(&apos;Response.json&apos;)(C:\Users\rgade\RestAssured\karatedemo\target\test-classes\examples\users\users.feature:15)
</error>
  </testcase>
  <testcase classname="Scenario: get all users and then get the first user by id" name="* print response" time="0.005">
    <skipped/>
  </testcase>
  <testcase classname="Scenario: get all users and then get the first user by id" name="* def jsonFromYaml = read(&apos;classpath:properties-qa.yaml&apos;)" time="0.005">
    <skipped/>
  </testcase>
  <testcase classname="Scenario: get all users and then get the first user by id" name="* print &apos; ******************&apos;+urls.eps" time="0.005">
    <skipped/>
  </testcase>
  <testcase classname="Scenario: get all users and then get the first user by id" name="* def first = response[0]" time="0.005">
    <skipped/>
  </testcase>
  <testcase classname="Scenario: get all users and then get the first user by id" name="* print &apos; asdfasdfasdfasddddddddsddddd&apos;+first.address.geo.lat" time="0.005">
    <skipped/>
  </testcase>
  <testcase classname="Scenario: get all users and then get the first user by id" name="Given path &apos;users&apos;, first.id" time="0.006">
    <skipped/>
  </testcase>
  <testcase classname="Scenario: get all users and then get the first user by id" name="When method get" time="0.006">
    <skipped/>
  </testcase>
  <testcase classname="Scenario: get all users and then get the first user by id" name="Then status 200" time="0.006">
    <skipped/>
  </testcase>
  <testcase classname="Scenario: create a user and then get it by id" name="* url urls.eps" time="0.001"/>
  <testcase classname="Scenario: create a user and then get it by id" name="* def user =" time="0"/>
  <testcase classname="Scenario: create a user and then get it by id" name="Given url &apos;https://jsonplaceholder.typicode.com/users&apos;" time="0"/>
  <testcase classname="Scenario: create a user and then get it by id" name="And request user" time="0"/>
  <testcase classname="Scenario: create a user and then get it by id" name="When method post" time="0"/>
  <testcase classname="Scenario: create a user and then get it by id" name="Then status 201" time="0"/>
  <testcase classname="Scenario: create a user and then get it by id" name="* def id = response.id" time="0"/>
  <testcase classname="Scenario: create a user and then get it by id" name="* print &apos;created id is: &apos; + id" time="0.001"/>
  <testcase classname="Scenario: create a user and then get it by id" name="Given path id" time="0"/>
  <testcase classname="Scenario: create a user and then get it by id" name="Scenario: create a user and then get it by id" time="0.004"/>
</testsuite>