<?xml version="1.0" encoding="UTF-8" ?>
<testsuite tests="24" failures="0" name="examples.ExamplesTest" time="0.062" errors="2" skipped="8">
  <properties>
    <property name="java.runtime.name" value="Java(TM) SE Runtime Environment"/>
    <property name="sun.boot.library.path" value="C:\Java\jre1.8.0_162\bin"/>
    <property name="java.vm.version" value="25.162-b12"/>
    <property name="java.vm.vendor" value="Oracle Corporation"/>
    <property name="maven.multiModuleProjectDirectory" value="C:\Users\rgade\RestAssured\karatedemo"/>
    <property name="java.vendor.url" value="http://java.oracle.com/"/>
    <property name="path.separator" value=";"/>
    <property name="guice.disable.misplaced.annotation.check" value="true"/>
    <property name="java.vm.name" value="Java HotSpot(TM) 64-Bit Server VM"/>
    <property name="file.encoding.pkg" value="sun.io"/>
    <property name="user.script" value=""/>
    <property name="user.country" value="US"/>
    <property name="sun.java.launcher" value="SUN_STANDARD"/>
    <property name="sun.os.patch.level" value=""/>
    <property name="java.vm.specification.name" value="Java Virtual Machine Specification"/>
    <property name="user.dir" value="C:\Users\rgade\RestAssured\karatedemo"/>
    <property name="java.runtime.version" value="1.8.0_162-b12"/>
    <property name="java.awt.graphicsenv" value="sun.awt.Win32GraphicsEnvironment"/>
    <property name="java.endorsed.dirs" value="C:\Java\jre1.8.0_162\lib\endorsed"/>
    <property name="os.arch" value="amd64"/>
    <property name="java.io.tmpdir" value="C:\Users\rgade\AppData\Local\Temp\"/>
    <property name="line.separator" value="
"/>
    <property name="java.vm.specification.vendor" value="Oracle Corporation"/>
    <property name="user.variant" value=""/>
    <property name="os.name" value="Windows 10"/>
    <property name="classworlds.conf" value="C:\Users\rgade\RestAssured\.metadata\.plugins\org.eclipse.m2e.launching\launches\m2conf6601203637083714402.tmp"/>
    <property name="sun.jnu.encoding" value="Cp1252"/>
    <property name="java.library.path" value="C:\Java\jre1.8.0_162\bin;C:\Windows\Sun\Java\bin;C:\Windows\system32;C:\Windows;C:/Java/jre1.8.0_162/bin/server;C:/Java/jre1.8.0_162/bin;C:/Java/jre1.8.0_162/lib/amd64;C:\ProgramData\Oracle\Java\javapath;C:\Windows\system32;C:\Windows;C:\Windows\System32\Wbem;C:\Windows\System32\WindowsPowerShell\v1.0\;C:\Maven\apache-maven-3.5.2\bin;C:\Program Files\Git\cmd;C:\Program Files\TortoiseGit\bin;C:\ProgramData\chocolatey\bin;C:\Program Files (x86)\Windows Kits\8.1\Windows Performance Toolkit\;C:\Program Files\nodejs\;C:\Python27;;C:\JMeter\bin;C:\Java\jre1.8.0_162\bin;C:\Users\rgade\AppData\Local\Microsoft\WindowsApps;C:\Program Files\Microsoft VS Code\bin;C:\Program Files (x86)\Kubernetes;C:\Users\rgade\AppData\Roaming\npm;E:\eclipse-jee-oxygen-3-rc2-win32-x86_64\eclipse;;."/>
    <property name="java.specification.name" value="Java Platform API Specification"/>
    <property name="java.class.version" value="52.0"/>
    <property name="sun.management.compiler" value="HotSpot 64-Bit Tiered Compilers"/>
    <property name="os.version" value="10.0"/>
    <property name="user.home" value="C:\Users\rgade"/>
    <property name="user.timezone" value="Asia/Calcutta"/>
    <property name="java.awt.printerjob" value="sun.awt.windows.WPrinterJob"/>
    <property name="java.specification.version" value="1.8"/>
    <property name="file.encoding" value="Cp1252"/>
    <property name="user.name" value="rgade"/>
    <property name="java.class.path" value="E:\eclipse-jee-oxygen-3-rc2-win32-x86_64\eclipse\plugins\org.eclipse.m2e.maven.runtime_1.8.3.20180214-1945\jars\plexus-classworlds-2.5.2.jar"/>
    <property name="java.vm.specification.version" value="1.8"/>
    <property name="sun.arch.data.model" value="64"/>
    <property name="java.home" value="C:\Java\jre1.8.0_162"/>
    <property name="sun.java.command" value="org.codehaus.plexus.classworlds.launcher.Launcher -B install"/>
    <property name="java.specification.vendor" value="Oracle Corporation"/>
    <property name="user.language" value="en"/>
    <property name="awt.toolkit" value="sun.awt.windows.WToolkit"/>
    <property name="java.vm.info" value="mixed mode"/>
    <property name="java.version" value="1.8.0_162"/>
    <property name="java.ext.dirs" value="C:\Java\jre1.8.0_162\lib\ext;C:\Windows\Sun\Java\lib\ext"/>
    <property name="sun.boot.class.path" value="C:\Java\jre1.8.0_162\lib\resources.jar;C:\Java\jre1.8.0_162\lib\rt.jar;C:\Java\jre1.8.0_162\lib\sunrsasign.jar;C:\Java\jre1.8.0_162\lib\jsse.jar;C:\Java\jre1.8.0_162\lib\jce.jar;C:\Java\jre1.8.0_162\lib\charsets.jar;C:\Java\jre1.8.0_162\lib\jfr.jar;C:\Java\jre1.8.0_162\classes"/>
    <property name="java.vendor" value="Oracle Corporation"/>
    <property name="maven.home" value="C:\Users\rgade\RestAssured\karatedemo\EMBEDDED"/>
    <property name="file.separator" value="\"/>
    <property name="java.vendor.url.bug" value="http://bugreport.sun.com/bugreport/"/>
    <property name="sun.cpu.endian" value="little"/>
    <property name="sun.io.unicode.encoding" value="UnicodeLittle"/>
    <property name="sun.desktop" value="windows"/>
    <property name="sun.cpu.isalist" value="amd64"/>
  </properties>
  <testcase classname="Scenario: get all users and then get the first user by id" name="* url urls.eps" time="0.004"/>
  <testcase classname="Scenario: get all users and then get the first user by id" name="Given path &apos;users&apos;" time="0"/>
  <testcase classname="Scenario: get all users and then get the first user by id" name="When method get" time="0"/>
  <testcase classname="Scenario: get all users and then get the first user by id" name="Then status 200" time="0"/>
  <testcase classname="Scenario: get all users and then get the first user by id" name="* def response = read(&apos;Response.json&apos;)" time="0.004">
    <error message="could not find or read file: Response.json, prefix: NONE" type="com.intuit.karate.exception.KarateFileNotFoundException">com.intuit.karate.exception.KarateFileNotFoundException: could not find or read file: Response.json, prefix: NONE
	at com.intuit.karate.FileUtils.readFileAsString(FileUtils.java:126)
	at com.intuit.karate.FileUtils.readFile(FileUtils.java:99)
	at com.intuit.karate.ScriptBridge.read(ScriptBridge.java:69)
	at jdk.nashorn.internal.scripts.Script$Recompilation$2$14A$\^eval\_.L:1(&lt;eval&gt;:1)
	at jdk.nashorn.internal.scripts.Script$8$\^eval\_.:program(&lt;eval&gt;:1)
	at jdk.nashorn.internal.runtime.ScriptFunctionData.invoke(ScriptFunctionData.java:637)
	at jdk.nashorn.internal.runtime.ScriptFunction.invoke(ScriptFunction.java:494)
	at jdk.nashorn.internal.runtime.ScriptRuntime.apply(ScriptRuntime.java:393)
	at jdk.nashorn.api.scripting.NashornScriptEngine.evalImpl(NashornScriptEngine.java:449)
	at jdk.nashorn.api.scripting.NashornScriptEngine.evalImpl(NashornScriptEngine.java:406)
	at jdk.nashorn.api.scripting.NashornScriptEngine.evalImpl(NashornScriptEngine.java:402)
	at jdk.nashorn.api.scripting.NashornScriptEngine.eval(NashornScriptEngine.java:155)
	at javax.script.AbstractScriptEngine.eval(Unknown Source)
	at com.intuit.karate.ScriptBindings.eval(ScriptBindings.java:139)
	at com.intuit.karate.ScriptBindings.updateBindingsAndEval(ScriptBindings.java:134)
	at com.intuit.karate.ScriptBindings.evalInNashorn(ScriptBindings.java:119)
	at com.intuit.karate.Script.evalJsExpression(Script.java:371)
	at com.intuit.karate.Script.evalKarateExpression(Script.java:285)
	at com.intuit.karate.Script.evalKarateExpression(Script.java:171)
	at com.intuit.karate.Script.assign(Script.java:601)
	at com.intuit.karate.Script.assign(Script.java:527)
	at com.intuit.karate.StepDefs.def(StepDefs.java:309)
	at ✽.* def response = read(&apos;Response.json&apos;)(C:\Users\rgade\RestAssured\karatedemo\target\test-classes\examples\users\users.feature:15)
</error>
  </testcase>
  <testcase classname="Scenario: get all users and then get the first user by id" name="Scenario: get all users and then get the first user by id" time="0.005">
    <error message="could not find or read file: Response.json, prefix: NONE" type="com.intuit.karate.exception.KarateFileNotFoundException">com.intuit.karate.exception.KarateFileNotFoundException: could not find or read file: Response.json, prefix: NONE
	at com.intuit.karate.FileUtils.readFileAsString(FileUtils.java:126)
	at com.intuit.karate.FileUtils.readFile(FileUtils.java:99)
	at com.intuit.karate.ScriptBridge.read(ScriptBridge.java:69)
	at jdk.nashorn.internal.scripts.Script$Recompilation$2$14A$\^eval\_.L:1(&lt;eval&gt;:1)
	at jdk.nashorn.internal.scripts.Script$8$\^eval\_.:program(&lt;eval&gt;:1)
	at jdk.nashorn.internal.runtime.ScriptFunctionData.invoke(ScriptFunctionData.java:637)
	at jdk.nashorn.internal.runtime.ScriptFunction.invoke(ScriptFunction.java:494)
	at jdk.nashorn.internal.runtime.ScriptRuntime.apply(ScriptRuntime.java:393)
	at jdk.nashorn.api.scripting.NashornScriptEngine.evalImpl(NashornScriptEngine.java:449)
	at jdk.nashorn.api.scripting.NashornScriptEngine.evalImpl(NashornScriptEngine.java:406)
	at jdk.nashorn.api.scripting.NashornScriptEngine.evalImpl(NashornScriptEngine.java:402)
	at jdk.nashorn.api.scripting.NashornScriptEngine.eval(NashornScriptEngine.java:155)
	at javax.script.AbstractScriptEngine.eval(Unknown Source)
	at com.intuit.karate.ScriptBindings.eval(ScriptBindings.java:139)
	at com.intuit.karate.ScriptBindings.updateBindingsAndEval(ScriptBindings.java:134)
	at com.intuit.karate.ScriptBindings.evalInNashorn(ScriptBindings.java:119)
	at com.intuit.karate.Script.evalJsExpression(Script.java:371)
	at com.intuit.karate.Script.evalKarateExpression(Script.java:285)
	at com.intuit.karate.Script.evalKarateExpression(Script.java:171)
	at com.intuit.karate.Script.assign(Script.java:601)
	at com.intuit.karate.Script.assign(Script.java:527)
	at com.intuit.karate.StepDefs.def(StepDefs.java:309)
	at ✽.* def response = read(&apos;Response.json&apos;)(C:\Users\rgade\RestAssured\karatedemo\target\test-classes\examples\users\users.feature:15)
</error>
  </testcase>
  <testcase classname="Scenario: get all users and then get the first user by id" name="* print response" time="0.005">
    <skipped/>
  </testcase>
  <testcase classname="Scenario: get all users and then get the first user by id" name="* def jsonFromYaml = read(&apos;classpath:properties-qa.yaml&apos;)" time="0.005">
    <skipped/>
  </testcase>
  <testcase classname="Scenario: get all users and then get the first user by id" name="* print &apos; ******************&apos;+urls.eps" time="0.005">
    <skipped/>
  </testcase>
  <testcase classname="Scenario: get all users and then get the first user by id" name="* def first = response[0]" time="0.005">
    <skipped/>
  </testcase>
  <testcase classname="Scenario: get all users and then get the first user by id" name="* print &apos; asdfasdfasdfasddddddddsddddd&apos;+first.address.geo.lat" time="0.005">
    <skipped/>
  </testcase>
  <testcase classname="Scenario: get all users and then get the first user by id" name="Given path &apos;users&apos;, first.id" time="0.006">
    <skipped/>
  </testcase>
  <testcase classname="Scenario: get all users and then get the first user by id" name="When method get" time="0.006">
    <skipped/>
  </testcase>
  <testcase classname="Scenario: get all users and then get the first user by id" name="Then status 200" time="0.006">
    <skipped/>
  </testcase>
  <testcase classname="Scenario: create a user and then get it by id" name="* url urls.eps" time="0.001"/>
  <testcase classname="Scenario: create a user and then get it by id" name="* def user =" time="0"/>
  <testcase classname="Scenario: create a user and then get it by id" name="Given url &apos;https://jsonplaceholder.typicode.com/users&apos;" time="0"/>
  <testcase classname="Scenario: create a user and then get it by id" name="And request user" time="0"/>
  <testcase classname="Scenario: create a user and then get it by id" name="When method post" time="0"/>
  <testcase classname="Scenario: create a user and then get it by id" name="Then status 201" time="0"/>
  <testcase classname="Scenario: create a user and then get it by id" name="* def id = response.id" time="0"/>
  <testcase classname="Scenario: create a user and then get it by id" name="* print &apos;created id is: &apos; + id" time="0.001"/>
  <testcase classname="Scenario: create a user and then get it by id" name="Given path id" time="0"/>
  <testcase classname="Scenario: create a user and then get it by id" name="Scenario: create a user and then get it by id" time="0.004"/>
</testsuite>